{"C:\\Users\\gitfo\\Desktop\\movie-reservation project\\movie-reservation\\frontend\\src\\appStyles.js": {"path":"C:\\Users\\gitfo\\Desktop\\movie-reservation project\\movie-reservation\\frontend\\src\\appStyles.js","statementMap":{},"fnMap":{},"branchMap":{},"s":{},"f":{},"b":{}}
,"C:\\Users\\gitfo\\Desktop\\movie-reservation project\\movie-reservation\\frontend\\src\\index.js": {"path":"C:\\Users\\gitfo\\Desktop\\movie-reservation project\\movie-reservation\\frontend\\src\\index.js","statementMap":{"0":{"start":{"line":12,"column":20},"end":{"line":12,"column":37}},"1":{"start":{"line":14,"column":13},"end":{"line":14,"column":52}},"2":{"start":{"line":14,"column":24},"end":{"line":14,"column":51}},"3":{"start":{"line":15,"column":14},"end":{"line":15,"column":55}},"4":{"start":{"line":15,"column":25},"end":{"line":15,"column":54}},"5":{"start":{"line":16,"column":15},"end":{"line":16,"column":70}},"6":{"start":{"line":16,"column":26},"end":{"line":16,"column":69}},"7":{"start":{"line":17,"column":18},"end":{"line":17,"column":70}},"8":{"start":{"line":17,"column":29},"end":{"line":17,"column":69}},"9":{"start":{"line":18,"column":14},"end":{"line":18,"column":67}},"10":{"start":{"line":18,"column":25},"end":{"line":18,"column":66}},"11":{"start":{"line":19,"column":14},"end":{"line":19,"column":67}},"12":{"start":{"line":19,"column":25},"end":{"line":19,"column":66}},"13":{"start":{"line":20,"column":17},"end":{"line":20,"column":64}},"14":{"start":{"line":20,"column":28},"end":{"line":20,"column":63}},"15":{"start":{"line":21,"column":16},"end":{"line":21,"column":61}},"16":{"start":{"line":21,"column":27},"end":{"line":21,"column":60}},"17":{"start":{"line":22,"column":16},"end":{"line":22,"column":61}},"18":{"start":{"line":22,"column":27},"end":{"line":22,"column":60}},"19":{"start":{"line":23,"column":23},"end":{"line":23,"column":84}},"20":{"start":{"line":23,"column":34},"end":{"line":23,"column":83}},"21":{"start":{"line":24,"column":18},"end":{"line":24,"column":67}},"22":{"start":{"line":24,"column":29},"end":{"line":24,"column":66}},"23":{"start":{"line":26,"column":21},"end":{"line":30,"column":1}},"24":{"start":{"line":27,"column":2},"end":{"line":29,"column":8}},"25":{"start":{"line":32,"column":15},"end":{"line":45,"column":1}},"26":{"start":{"line":33,"column":2},"end":{"line":35,"column":3}},"27":{"start":{"line":34,"column":4},"end":{"line":34,"column":70}},"28":{"start":{"line":37,"column":2},"end":{"line":44,"column":4}},"29":{"start":{"line":47,"column":15},"end":{"line":60,"column":2}},"30":{"start":{"line":62,"column":13},"end":{"line":62,"column":65}},"31":{"start":{"line":64,"column":0},"end":{"line":72,"column":2}},"32":{"start":{"line":73,"column":0},"end":{"line":73,"column":18}}},"fnMap":{"0":{"name":"(anonymous_0)","decl":{"start":{"line":14,"column":18},"end":{"line":14,"column":19}},"loc":{"start":{"line":14,"column":24},"end":{"line":14,"column":51}},"line":14},"1":{"name":"(anonymous_1)","decl":{"start":{"line":15,"column":19},"end":{"line":15,"column":20}},"loc":{"start":{"line":15,"column":25},"end":{"line":15,"column":54}},"line":15},"2":{"name":"(anonymous_2)","decl":{"start":{"line":16,"column":20},"end":{"line":16,"column":21}},"loc":{"start":{"line":16,"column":26},"end":{"line":16,"column":69}},"line":16},"3":{"name":"(anonymous_3)","decl":{"start":{"line":17,"column":23},"end":{"line":17,"column":24}},"loc":{"start":{"line":17,"column":29},"end":{"line":17,"column":69}},"line":17},"4":{"name":"(anonymous_4)","decl":{"start":{"line":18,"column":19},"end":{"line":18,"column":20}},"loc":{"start":{"line":18,"column":25},"end":{"line":18,"column":66}},"line":18},"5":{"name":"(anonymous_5)","decl":{"start":{"line":19,"column":19},"end":{"line":19,"column":20}},"loc":{"start":{"line":19,"column":25},"end":{"line":19,"column":66}},"line":19},"6":{"name":"(anonymous_6)","decl":{"start":{"line":20,"column":22},"end":{"line":20,"column":23}},"loc":{"start":{"line":20,"column":28},"end":{"line":20,"column":63}},"line":20},"7":{"name":"(anonymous_7)","decl":{"start":{"line":21,"column":21},"end":{"line":21,"column":22}},"loc":{"start":{"line":21,"column":27},"end":{"line":21,"column":60}},"line":21},"8":{"name":"(anonymous_8)","decl":{"start":{"line":22,"column":21},"end":{"line":22,"column":22}},"loc":{"start":{"line":22,"column":27},"end":{"line":22,"column":60}},"line":22},"9":{"name":"(anonymous_9)","decl":{"start":{"line":23,"column":28},"end":{"line":23,"column":29}},"loc":{"start":{"line":23,"column":34},"end":{"line":23,"column":83}},"line":23},"10":{"name":"(anonymous_10)","decl":{"start":{"line":24,"column":23},"end":{"line":24,"column":24}},"loc":{"start":{"line":24,"column":29},"end":{"line":24,"column":66}},"line":24},"11":{"name":"(anonymous_11)","decl":{"start":{"line":26,"column":21},"end":{"line":26,"column":22}},"loc":{"start":{"line":27,"column":2},"end":{"line":29,"column":8}},"line":27},"12":{"name":"(anonymous_12)","decl":{"start":{"line":32,"column":15},"end":{"line":32,"column":16}},"loc":{"start":{"line":32,"column":50},"end":{"line":45,"column":1}},"line":32}},"branchMap":{"0":{"loc":{"start":{"line":32,"column":27},"end":{"line":32,"column":43}},"type":"default-arg","locations":[{"start":{"line":32,"column":38},"end":{"line":32,"column":43}}],"line":32},"1":{"loc":{"start":{"line":33,"column":2},"end":{"line":35,"column":3}},"type":"if","locations":[{"start":{"line":33,"column":2},"end":{"line":35,"column":3}},{"start":{},"end":{}}],"line":33}},"s":{"0":0,"1":0,"2":0,"3":0,"4":0,"5":0,"6":0,"7":0,"8":0,"9":0,"10":0,"11":0,"12":0,"13":0,"14":0,"15":0,"16":0,"17":0,"18":0,"19":0,"20":0,"21":0,"22":0,"23":0,"24":0,"25":0,"26":0,"27":0,"28":0,"29":0,"30":0,"31":0,"32":0},"f":{"0":0,"1":0,"2":0,"3":0,"4":0,"5":0,"6":0,"7":0,"8":0,"9":0,"10":0,"11":0,"12":0},"b":{"0":[0],"1":[0,0]}}
,"C:\\Users\\gitfo\\Desktop\\movie-reservation project\\movie-reservation\\frontend\\src\\reportWebVitals.js": {"path":"C:\\Users\\gitfo\\Desktop\\movie-reservation project\\movie-reservation\\frontend\\src\\reportWebVitals.js","statementMap":{"0":{"start":{"line":1,"column":24},"end":{"line":11,"column":1}},"1":{"start":{"line":2,"column":2},"end":{"line":10,"column":3}},"2":{"start":{"line":3,"column":4},"end":{"line":9,"column":7}},"3":{"start":{"line":4,"column":6},"end":{"line":4,"column":26}},"4":{"start":{"line":5,"column":6},"end":{"line":5,"column":26}},"5":{"start":{"line":6,"column":6},"end":{"line":6,"column":26}},"6":{"start":{"line":7,"column":6},"end":{"line":7,"column":26}},"7":{"start":{"line":8,"column":6},"end":{"line":8,"column":27}}},"fnMap":{"0":{"name":"(anonymous_0)","decl":{"start":{"line":1,"column":24},"end":{"line":1,"column":25}},"loc":{"start":{"line":1,"column":39},"end":{"line":11,"column":1}},"line":1},"1":{"name":"(anonymous_1)","decl":{"start":{"line":3,"column":30},"end":{"line":3,"column":31}},"loc":{"start":{"line":3,"column":79},"end":{"line":9,"column":5}},"line":3}},"branchMap":{"0":{"loc":{"start":{"line":2,"column":2},"end":{"line":10,"column":3}},"type":"if","locations":[{"start":{"line":2,"column":2},"end":{"line":10,"column":3}},{"start":{},"end":{}}],"line":2},"1":{"loc":{"start":{"line":2,"column":6},"end":{"line":2,"column":52}},"type":"binary-expr","locations":[{"start":{"line":2,"column":6},"end":{"line":2,"column":17}},{"start":{"line":2,"column":21},"end":{"line":2,"column":52}}],"line":2}},"s":{"0":0,"1":0,"2":0,"3":0,"4":0,"5":0,"6":0,"7":0},"f":{"0":0,"1":0},"b":{"0":[0,0],"1":[0,0]}}
,"C:\\Users\\gitfo\\Desktop\\movie-reservation project\\movie-reservation\\frontend\\src\\components\\Hero_Section\\HeroSection.jsx": {"path":"C:\\Users\\gitfo\\Desktop\\movie-reservation project\\movie-reservation\\frontend\\src\\components\\Hero_Section\\HeroSection.jsx","statementMap":{"0":{"start":{"line":8,"column":23},"end":{"line":63,"column":1}},"1":{"start":{"line":66,"column":42},"end":{"line":66,"column":53}},"2":{"start":{"line":67,"column":2},"end":{"line":72,"column":16}},"3":{"start":{"line":68,"column":21},"end":{"line":70,"column":13}},"4":{"start":{"line":69,"column":6},"end":{"line":69,"column":79}},"5":{"start":{"line":69,"column":32},"end":{"line":69,"column":77}},"6":{"start":{"line":71,"column":4},"end":{"line":71,"column":41}},"7":{"start":{"line":71,"column":17},"end":{"line":71,"column":40}},"8":{"start":{"line":74,"column":2},"end":{"line":125,"column":4}},"9":{"start":{"line":79,"column":12},"end":{"line":110,"column":13}},"10":{"start":{"line":116,"column":10},"end":{"line":121,"column":12}},"11":{"start":{"line":119,"column":27},"end":{"line":119,"column":47}}},"fnMap":{"0":{"name":"HeroSection","decl":{"start":{"line":65,"column":24},"end":{"line":65,"column":35}},"loc":{"start":{"line":65,"column":47},"end":{"line":126,"column":1}},"line":65},"1":{"name":"(anonymous_1)","decl":{"start":{"line":67,"column":12},"end":{"line":67,"column":13}},"loc":{"start":{"line":67,"column":18},"end":{"line":72,"column":3}},"line":67},"2":{"name":"(anonymous_2)","decl":{"start":{"line":68,"column":33},"end":{"line":68,"column":34}},"loc":{"start":{"line":68,"column":39},"end":{"line":70,"column":5}},"line":68},"3":{"name":"(anonymous_3)","decl":{"start":{"line":69,"column":22},"end":{"line":69,"column":23}},"loc":{"start":{"line":69,"column":32},"end":{"line":69,"column":77}},"line":69},"4":{"name":"(anonymous_4)","decl":{"start":{"line":71,"column":11},"end":{"line":71,"column":12}},"loc":{"start":{"line":71,"column":17},"end":{"line":71,"column":40}},"line":71},"5":{"name":"(anonymous_5)","decl":{"start":{"line":78,"column":41},"end":{"line":78,"column":42}},"loc":{"start":{"line":79,"column":12},"end":{"line":110,"column":13}},"line":79},"6":{"name":"(anonymous_6)","decl":{"start":{"line":115,"column":39},"end":{"line":115,"column":40}},"loc":{"start":{"line":116,"column":10},"end":{"line":121,"column":12}},"line":116},"7":{"name":"(anonymous_7)","decl":{"start":{"line":119,"column":21},"end":{"line":119,"column":22}},"loc":{"start":{"line":119,"column":27},"end":{"line":119,"column":47}},"line":119}},"branchMap":{"0":{"loc":{"start":{"line":79,"column":12},"end":{"line":110,"column":13}},"type":"binary-expr","locations":[{"start":{"line":79,"column":12},"end":{"line":79,"column":32}},{"start":{"line":80,"column":14},"end":{"line":109,"column":27}}],"line":79},"1":{"loc":{"start":{"line":118,"column":23},"end":{"line":118,"column":59}},"type":"cond-expr","locations":[{"start":{"line":118,"column":46},"end":{"line":118,"column":54}},{"start":{"line":118,"column":57},"end":{"line":118,"column":59}}],"line":118}},"s":{"0":0,"1":0,"2":0,"3":0,"4":0,"5":0,"6":0,"7":0,"8":0,"9":0,"10":0,"11":0},"f":{"0":0,"1":0,"2":0,"3":0,"4":0,"5":0,"6":0,"7":0},"b":{"0":[0,0],"1":[0,0]}}
,"C:\\Users\\gitfo\\Desktop\\movie-reservation project\\movie-reservation\\frontend\\src\\components\\LoggedIn\\LoggedIn.jsx": {"path":"C:\\Users\\gitfo\\Desktop\\movie-reservation project\\movie-reservation\\frontend\\src\\components\\LoggedIn\\LoggedIn.jsx","statementMap":{"0":{"start":{"line":9,"column":24},"end":{"line":21,"column":1}},"1":{"start":{"line":10,"column":2},"end":{"line":20,"column":22}},"2":{"start":{"line":11,"column":31},"end":{"line":15,"column":5}},"3":{"start":{"line":12,"column":6},"end":{"line":14,"column":7}},"4":{"start":{"line":13,"column":8},"end":{"line":13,"column":19}},"5":{"start":{"line":16,"column":4},"end":{"line":16,"column":63}},"6":{"start":{"line":17,"column":4},"end":{"line":19,"column":6}},"7":{"start":{"line":18,"column":6},"end":{"line":18,"column":68}},"8":{"start":{"line":23,"column":17},"end":{"line":121,"column":1}},"9":{"start":{"line":24,"column":34},"end":{"line":24,"column":46}},"10":{"start":{"line":25,"column":42},"end":{"line":25,"column":69}},"11":{"start":{"line":26,"column":38},"end":{"line":26,"column":53}},"12":{"start":{"line":27,"column":50},"end":{"line":27,"column":80}},"13":{"start":{"line":29,"column":22},"end":{"line":29,"column":34}},"14":{"start":{"line":30,"column":21},"end":{"line":30,"column":33}},"15":{"start":{"line":32,"column":2},"end":{"line":32,"column":59}},"16":{"start":{"line":32,"column":37},"end":{"line":32,"column":57}},"17":{"start":{"line":34,"column":2},"end":{"line":39,"column":9}},"18":{"start":{"line":35,"column":27},"end":{"line":35,"column":59}},"19":{"start":{"line":36,"column":4},"end":{"line":38,"column":5}},"20":{"start":{"line":37,"column":6},"end":{"line":37,"column":34}},"21":{"start":{"line":41,"column":2},"end":{"line":50,"column":9}},"22":{"start":{"line":42,"column":29},"end":{"line":42,"column":71}},"23":{"start":{"line":42,"column":35},"end":{"line":42,"column":71}},"24":{"start":{"line":43,"column":4},"end":{"line":43,"column":57}},"25":{"start":{"line":44,"column":4},"end":{"line":44,"column":70}},"26":{"start":{"line":46,"column":4},"end":{"line":49,"column":6}},"27":{"start":{"line":47,"column":6},"end":{"line":47,"column":62}},"28":{"start":{"line":48,"column":6},"end":{"line":48,"column":75}},"29":{"start":{"line":52,"column":27},"end":{"line":61,"column":3}},"30":{"start":{"line":53,"column":4},"end":{"line":59,"column":5}},"31":{"start":{"line":54,"column":19},"end":{"line":54,"column":61}},"32":{"start":{"line":55,"column":6},"end":{"line":58,"column":9}},"33":{"start":{"line":60,"column":4},"end":{"line":60,"column":31}},"34":{"start":{"line":63,"column":21},"end":{"line":65,"column":3}},"35":{"start":{"line":64,"column":4},"end":{"line":64,"column":52}},"36":{"start":{"line":67,"column":21},"end":{"line":74,"column":3}},"37":{"start":{"line":68,"column":4},"end":{"line":68,"column":51}},"38":{"start":{"line":68,"column":33},"end":{"line":68,"column":51}},"39":{"start":{"line":69,"column":4},"end":{"line":69,"column":58}},"40":{"start":{"line":69,"column":35},"end":{"line":69,"column":58}},"41":{"start":{"line":70,"column":4},"end":{"line":70,"column":51}},"42":{"start":{"line":70,"column":33},"end":{"line":70,"column":51}},"43":{"start":{"line":71,"column":4},"end":{"line":71,"column":53}},"44":{"start":{"line":71,"column":34},"end":{"line":71,"column":53}},"45":{"start":{"line":72,"column":4},"end":{"line":72,"column":53}},"46":{"start":{"line":72,"column":34},"end":{"line":72,"column":53}},"47":{"start":{"line":73,"column":4},"end":{"line":73,"column":46}},"48":{"start":{"line":76,"column":2},"end":{"line":120,"column":4}}},"fnMap":{"0":{"name":"(anonymous_0)","decl":{"start":{"line":9,"column":24},"end":{"line":9,"column":25}},"loc":{"start":{"line":9,"column":43},"end":{"line":21,"column":1}},"line":9},"1":{"name":"(anonymous_1)","decl":{"start":{"line":10,"column":12},"end":{"line":10,"column":13}},"loc":{"start":{"line":10,"column":18},"end":{"line":20,"column":3}},"line":10},"2":{"name":"(anonymous_2)","decl":{"start":{"line":11,"column":31},"end":{"line":11,"column":32}},"loc":{"start":{"line":11,"column":42},"end":{"line":15,"column":5}},"line":11},"3":{"name":"(anonymous_3)","decl":{"start":{"line":17,"column":11},"end":{"line":17,"column":12}},"loc":{"start":{"line":17,"column":17},"end":{"line":19,"column":5}},"line":17},"4":{"name":"(anonymous_4)","decl":{"start":{"line":23,"column":17},"end":{"line":23,"column":18}},"loc":{"start":{"line":23,"column":28},"end":{"line":121,"column":1}},"line":23},"5":{"name":"(anonymous_5)","decl":{"start":{"line":32,"column":31},"end":{"line":32,"column":32}},"loc":{"start":{"line":32,"column":37},"end":{"line":32,"column":57}},"line":32},"6":{"name":"(anonymous_6)","decl":{"start":{"line":34,"column":12},"end":{"line":34,"column":13}},"loc":{"start":{"line":34,"column":18},"end":{"line":39,"column":3}},"line":34},"7":{"name":"(anonymous_7)","decl":{"start":{"line":41,"column":12},"end":{"line":41,"column":13}},"loc":{"start":{"line":41,"column":18},"end":{"line":50,"column":3}},"line":41},"8":{"name":"(anonymous_8)","decl":{"start":{"line":42,"column":29},"end":{"line":42,"column":30}},"loc":{"start":{"line":42,"column":35},"end":{"line":42,"column":71}},"line":42},"9":{"name":"(anonymous_9)","decl":{"start":{"line":46,"column":11},"end":{"line":46,"column":12}},"loc":{"start":{"line":46,"column":17},"end":{"line":49,"column":5}},"line":46},"10":{"name":"(anonymous_10)","decl":{"start":{"line":52,"column":27},"end":{"line":52,"column":28}},"loc":{"start":{"line":52,"column":33},"end":{"line":61,"column":3}},"line":52},"11":{"name":"(anonymous_11)","decl":{"start":{"line":63,"column":21},"end":{"line":63,"column":22}},"loc":{"start":{"line":63,"column":31},"end":{"line":65,"column":3}},"line":63},"12":{"name":"(anonymous_12)","decl":{"start":{"line":67,"column":21},"end":{"line":67,"column":22}},"loc":{"start":{"line":67,"column":27},"end":{"line":74,"column":3}},"line":67}},"branchMap":{"0":{"loc":{"start":{"line":12,"column":6},"end":{"line":14,"column":7}},"type":"if","locations":[{"start":{"line":12,"column":6},"end":{"line":14,"column":7}},{"start":{},"end":{}}],"line":12},"1":{"loc":{"start":{"line":12,"column":10},"end":{"line":12,"column":60}},"type":"binary-expr","locations":[{"start":{"line":12,"column":10},"end":{"line":12,"column":21}},{"start":{"line":12,"column":25},"end":{"line":12,"column":60}}],"line":12},"2":{"loc":{"start":{"line":36,"column":4},"end":{"line":38,"column":5}},"type":"if","locations":[{"start":{"line":36,"column":4},"end":{"line":38,"column":5}},{"start":{},"end":{}}],"line":36},"3":{"loc":{"start":{"line":53,"column":4},"end":{"line":59,"column":5}},"type":"if","locations":[{"start":{"line":53,"column":4},"end":{"line":59,"column":5}},{"start":{},"end":{}}],"line":53},"4":{"loc":{"start":{"line":64,"column":11},"end":{"line":64,"column":51}},"type":"cond-expr","locations":[{"start":{"line":64,"column":18},"end":{"line":64,"column":46}},{"start":{"line":64,"column":49},"end":{"line":64,"column":51}}],"line":64},"5":{"loc":{"start":{"line":68,"column":4},"end":{"line":68,"column":51}},"type":"if","locations":[{"start":{"line":68,"column":4},"end":{"line":68,"column":51}},{"start":{},"end":{}}],"line":68},"6":{"loc":{"start":{"line":69,"column":4},"end":{"line":69,"column":58}},"type":"if","locations":[{"start":{"line":69,"column":4},"end":{"line":69,"column":58}},{"start":{},"end":{}}],"line":69},"7":{"loc":{"start":{"line":70,"column":4},"end":{"line":70,"column":51}},"type":"if","locations":[{"start":{"line":70,"column":4},"end":{"line":70,"column":51}},{"start":{},"end":{}}],"line":70},"8":{"loc":{"start":{"line":71,"column":4},"end":{"line":71,"column":53}},"type":"if","locations":[{"start":{"line":71,"column":4},"end":{"line":71,"column":53}},{"start":{},"end":{}}],"line":71},"9":{"loc":{"start":{"line":72,"column":4},"end":{"line":72,"column":53}},"type":"if","locations":[{"start":{"line":72,"column":4},"end":{"line":72,"column":53}},{"start":{},"end":{}}],"line":72},"10":{"loc":{"start":{"line":73,"column":11},"end":{"line":73,"column":45}},"type":"binary-expr","locations":[{"start":{"line":73,"column":11},"end":{"line":73,"column":31}},{"start":{"line":73,"column":35},"end":{"line":73,"column":45}}],"line":73},"11":{"loc":{"start":{"line":90,"column":9},"end":{"line":117,"column":9}},"type":"binary-expr","locations":[{"start":{"line":90,"column":9},"end":{"line":90,"column":19}},{"start":{"line":91,"column":10},"end":{"line":116,"column":23}}],"line":90}},"s":{"0":0,"1":0,"2":0,"3":0,"4":0,"5":0,"6":0,"7":0,"8":0,"9":0,"10":0,"11":0,"12":0,"13":0,"14":0,"15":0,"16":0,"17":0,"18":0,"19":0,"20":0,"21":0,"22":0,"23":0,"24":0,"25":0,"26":0,"27":0,"28":0,"29":0,"30":0,"31":0,"32":0,"33":0,"34":0,"35":0,"36":0,"37":0,"38":0,"39":0,"40":0,"41":0,"42":0,"43":0,"44":0,"45":0,"46":0,"47":0,"48":0},"f":{"0":0,"1":0,"2":0,"3":0,"4":0,"5":0,"6":0,"7":0,"8":0,"9":0,"10":0,"11":0,"12":0},"b":{"0":[0,0],"1":[0,0],"2":[0,0],"3":[0,0],"4":[0,0],"5":[0,0],"6":[0,0],"7":[0,0],"8":[0,0],"9":[0,0],"10":[0,0],"11":[0,0]}}
,"C:\\Users\\gitfo\\Desktop\\movie-reservation project\\movie-reservation\\frontend\\src\\components\\comments\\CommentsSection.jsx": {"path":"C:\\Users\\gitfo\\Desktop\\movie-reservation project\\movie-reservation\\frontend\\src\\components\\comments\\CommentsSection.jsx","statementMap":{"0":{"start":{"line":8,"column":27},"end":{"line":8,"column":31}},"1":{"start":{"line":10,"column":26},"end":{"line":22,"column":1}},"2":{"start":{"line":11,"column":2},"end":{"line":11,"column":28}},"3":{"start":{"line":11,"column":18},"end":{"line":11,"column":28}},"4":{"start":{"line":12,"column":17},"end":{"line":12,"column":36}},"5":{"start":{"line":13,"column":2},"end":{"line":13,"column":48}},"6":{"start":{"line":13,"column":38},"end":{"line":13,"column":48}},"7":{"start":{"line":15,"column":2},"end":{"line":21,"column":5}},"8":{"start":{"line":24,"column":21},"end":{"line":24,"column":59}},"9":{"start":{"line":24,"column":34},"end":{"line":24,"column":59}},"10":{"start":{"line":26,"column":24},"end":{"line":237,"column":1}},"11":{"start":{"line":27,"column":34},"end":{"line":27,"column":46}},"12":{"start":{"line":28,"column":26},"end":{"line":28,"column":38}},"13":{"start":{"line":29,"column":36},"end":{"line":29,"column":50}},"14":{"start":{"line":30,"column":40},"end":{"line":30,"column":52}},"15":{"start":{"line":31,"column":36},"end":{"line":31,"column":50}},"16":{"start":{"line":32,"column":42},"end":{"line":32,"column":57}},"17":{"start":{"line":33,"column":32},"end":{"line":33,"column":44}},"18":{"start":{"line":35,"column":16},"end":{"line":35,"column":84}},"19":{"start":{"line":36,"column":24},"end":{"line":36,"column":58}},"20":{"start":{"line":36,"column":39},"end":{"line":36,"column":57}},"21":{"start":{"line":37,"column":24},"end":{"line":37,"column":62}},"22":{"start":{"line":39,"column":25},"end":{"line":39,"column":82}},"23":{"start":{"line":39,"column":32},"end":{"line":39,"column":81}},"24":{"start":{"line":41,"column":24},"end":{"line":54,"column":15}},"25":{"start":{"line":42,"column":4},"end":{"line":42,"column":25}},"26":{"start":{"line":42,"column":18},"end":{"line":42,"column":25}},"27":{"start":{"line":44,"column":4},"end":{"line":44,"column":23}},"28":{"start":{"line":45,"column":4},"end":{"line":45,"column":19}},"29":{"start":{"line":46,"column":4},"end":{"line":53,"column":5}},"30":{"start":{"line":47,"column":23},"end":{"line":47,"column":81}},"31":{"start":{"line":48,"column":6},"end":{"line":48,"column":80}},"32":{"start":{"line":50,"column":6},"end":{"line":50,"column":78}},"33":{"start":{"line":52,"column":6},"end":{"line":52,"column":26}},"34":{"start":{"line":56,"column":2},"end":{"line":58,"column":22}},"35":{"start":{"line":57,"column":4},"end":{"line":57,"column":20}},"36":{"start":{"line":60,"column":23},"end":{"line":84,"column":3}},"37":{"start":{"line":61,"column":4},"end":{"line":61,"column":27}},"38":{"start":{"line":63,"column":27},"end":{"line":63,"column":38}},"39":{"start":{"line":64,"column":4},"end":{"line":67,"column":5}},"40":{"start":{"line":65,"column":6},"end":{"line":65,"column":45}},"41":{"start":{"line":66,"column":6},"end":{"line":66,"column":13}},"42":{"start":{"line":69,"column":4},"end":{"line":69,"column":26}},"43":{"start":{"line":70,"column":4},"end":{"line":70,"column":19}},"44":{"start":{"line":71,"column":4},"end":{"line":83,"column":5}},"45":{"start":{"line":72,"column":23},"end":{"line":76,"column":7}},"46":{"start":{"line":77,"column":6},"end":{"line":77,"column":59}},"47":{"start":{"line":77,"column":28},"end":{"line":77,"column":57}},"48":{"start":{"line":78,"column":6},"end":{"line":78,"column":18}},"49":{"start":{"line":80,"column":6},"end":{"line":80,"column":77}},"50":{"start":{"line":82,"column":6},"end":{"line":82,"column":29}},"51":{"start":{"line":86,"column":23},"end":{"line":90,"column":3}},"52":{"start":{"line":87,"column":4},"end":{"line":87,"column":40}},"53":{"start":{"line":88,"column":4},"end":{"line":88,"column":39}},"54":{"start":{"line":89,"column":4},"end":{"line":89,"column":19}},"55":{"start":{"line":92,"column":24},"end":{"line":95,"column":3}},"56":{"start":{"line":93,"column":4},"end":{"line":93,"column":23}},"57":{"start":{"line":94,"column":4},"end":{"line":94,"column":23}},"58":{"start":{"line":97,"column":22},"end":{"line":119,"column":3}},"59":{"start":{"line":98,"column":27},"end":{"line":98,"column":45}},"60":{"start":{"line":99,"column":4},"end":{"line":102,"column":5}},"61":{"start":{"line":100,"column":6},"end":{"line":100,"column":45}},"62":{"start":{"line":101,"column":6},"end":{"line":101,"column":13}},"63":{"start":{"line":104,"column":4},"end":{"line":104,"column":26}},"64":{"start":{"line":105,"column":4},"end":{"line":105,"column":19}},"65":{"start":{"line":106,"column":4},"end":{"line":118,"column":5}},"66":{"start":{"line":107,"column":23},"end":{"line":111,"column":7}},"67":{"start":{"line":112,"column":6},"end":{"line":112,"column":121}},"68":{"start":{"line":112,"column":28},"end":{"line":112,"column":119}},"69":{"start":{"line":112,"column":51},"end":{"line":112,"column":117}},"70":{"start":{"line":113,"column":6},"end":{"line":113,"column":22}},"71":{"start":{"line":115,"column":6},"end":{"line":115,"column":79}},"72":{"start":{"line":117,"column":6},"end":{"line":117,"column":29}},"73":{"start":{"line":121,"column":24},"end":{"line":134,"column":3}},"74":{"start":{"line":122,"column":4},"end":{"line":122,"column":26}},"75":{"start":{"line":123,"column":4},"end":{"line":123,"column":19}},"76":{"start":{"line":124,"column":4},"end":{"line":133,"column":5}},"77":{"start":{"line":125,"column":6},"end":{"line":127,"column":9}},"78":{"start":{"line":128,"column":6},"end":{"line":128,"column":91}},"79":{"start":{"line":128,"column":28},"end":{"line":128,"column":89}},"80":{"start":{"line":128,"column":53},"end":{"line":128,"column":88}},"81":{"start":{"line":130,"column":6},"end":{"line":130,"column":79}},"82":{"start":{"line":132,"column":6},"end":{"line":132,"column":29}},"83":{"start":{"line":136,"column":2},"end":{"line":236,"column":4}},"84":{"start":{"line":153,"column":14},"end":{"line":153,"column":42}},"85":{"start":{"line":154,"column":14},"end":{"line":154,"column":29}},"86":{"start":{"line":182,"column":30},"end":{"line":182,"column":51}},"87":{"start":{"line":183,"column":28},"end":{"line":183,"column":77}},"88":{"start":{"line":184,"column":30},"end":{"line":184,"column":53}},"89":{"start":{"line":186,"column":12},"end":{"line":231,"column":14}},"90":{"start":{"line":201,"column":45},"end":{"line":201,"column":79}},"91":{"start":{"line":205,"column":61},"end":{"line":205,"column":83}},"92":{"start":{"line":222,"column":57},"end":{"line":222,"column":78}},"93":{"start":{"line":225,"column":57},"end":{"line":225,"column":81}}},"fnMap":{"0":{"name":"(anonymous_0)","decl":{"start":{"line":10,"column":26},"end":{"line":10,"column":27}},"loc":{"start":{"line":10,"column":41},"end":{"line":22,"column":1}},"line":10},"1":{"name":"(anonymous_1)","decl":{"start":{"line":24,"column":21},"end":{"line":24,"column":22}},"loc":{"start":{"line":24,"column":34},"end":{"line":24,"column":59}},"line":24},"2":{"name":"(anonymous_2)","decl":{"start":{"line":26,"column":24},"end":{"line":26,"column":25}},"loc":{"start":{"line":26,"column":41},"end":{"line":237,"column":1}},"line":26},"3":{"name":"(anonymous_3)","decl":{"start":{"line":36,"column":33},"end":{"line":36,"column":34}},"loc":{"start":{"line":36,"column":39},"end":{"line":36,"column":57}},"line":36},"4":{"name":"(anonymous_4)","decl":{"start":{"line":39,"column":25},"end":{"line":39,"column":26}},"loc":{"start":{"line":39,"column":32},"end":{"line":39,"column":81}},"line":39},"5":{"name":"(anonymous_5)","decl":{"start":{"line":41,"column":36},"end":{"line":41,"column":37}},"loc":{"start":{"line":41,"column":48},"end":{"line":54,"column":3}},"line":41},"6":{"name":"(anonymous_6)","decl":{"start":{"line":56,"column":12},"end":{"line":56,"column":13}},"loc":{"start":{"line":56,"column":18},"end":{"line":58,"column":3}},"line":56},"7":{"name":"(anonymous_7)","decl":{"start":{"line":60,"column":23},"end":{"line":60,"column":24}},"loc":{"start":{"line":60,"column":40},"end":{"line":84,"column":3}},"line":60},"8":{"name":"(anonymous_8)","decl":{"start":{"line":77,"column":18},"end":{"line":77,"column":19}},"loc":{"start":{"line":77,"column":28},"end":{"line":77,"column":57}},"line":77},"9":{"name":"(anonymous_9)","decl":{"start":{"line":86,"column":23},"end":{"line":86,"column":24}},"loc":{"start":{"line":86,"column":36},"end":{"line":90,"column":3}},"line":86},"10":{"name":"(anonymous_10)","decl":{"start":{"line":92,"column":24},"end":{"line":92,"column":25}},"loc":{"start":{"line":92,"column":30},"end":{"line":95,"column":3}},"line":92},"11":{"name":"(anonymous_11)","decl":{"start":{"line":97,"column":22},"end":{"line":97,"column":23}},"loc":{"start":{"line":97,"column":43},"end":{"line":119,"column":3}},"line":97},"12":{"name":"(anonymous_12)","decl":{"start":{"line":112,"column":18},"end":{"line":112,"column":19}},"loc":{"start":{"line":112,"column":28},"end":{"line":112,"column":119}},"line":112},"13":{"name":"(anonymous_13)","decl":{"start":{"line":112,"column":37},"end":{"line":112,"column":38}},"loc":{"start":{"line":112,"column":51},"end":{"line":112,"column":117}},"line":112},"14":{"name":"(anonymous_14)","decl":{"start":{"line":121,"column":24},"end":{"line":121,"column":25}},"loc":{"start":{"line":121,"column":45},"end":{"line":134,"column":3}},"line":121},"15":{"name":"(anonymous_15)","decl":{"start":{"line":128,"column":18},"end":{"line":128,"column":19}},"loc":{"start":{"line":128,"column":28},"end":{"line":128,"column":89}},"line":128},"16":{"name":"(anonymous_16)","decl":{"start":{"line":128,"column":40},"end":{"line":128,"column":41}},"loc":{"start":{"line":128,"column":53},"end":{"line":128,"column":88}},"line":128},"17":{"name":"(anonymous_17)","decl":{"start":{"line":152,"column":22},"end":{"line":152,"column":23}},"loc":{"start":{"line":152,"column":33},"end":{"line":155,"column":13}},"line":152},"18":{"name":"(anonymous_18)","decl":{"start":{"line":181,"column":23},"end":{"line":181,"column":24}},"loc":{"start":{"line":181,"column":36},"end":{"line":232,"column":11}},"line":181},"19":{"name":"(anonymous_19)","decl":{"start":{"line":201,"column":34},"end":{"line":201,"column":35}},"loc":{"start":{"line":201,"column":45},"end":{"line":201,"column":79}},"line":201},"20":{"name":"(anonymous_20)","decl":{"start":{"line":205,"column":55},"end":{"line":205,"column":56}},"loc":{"start":{"line":205,"column":61},"end":{"line":205,"column":83}},"line":205},"21":{"name":"(anonymous_21)","decl":{"start":{"line":222,"column":51},"end":{"line":222,"column":52}},"loc":{"start":{"line":222,"column":57},"end":{"line":222,"column":78}},"line":222},"22":{"name":"(anonymous_22)","decl":{"start":{"line":225,"column":51},"end":{"line":225,"column":52}},"loc":{"start":{"line":225,"column":57},"end":{"line":225,"column":81}},"line":225}},"branchMap":{"0":{"loc":{"start":{"line":11,"column":2},"end":{"line":11,"column":28}},"type":"if","locations":[{"start":{"line":11,"column":2},"end":{"line":11,"column":28}},{"start":{},"end":{}}],"line":11},"1":{"loc":{"start":{"line":13,"column":2},"end":{"line":13,"column":48}},"type":"if","locations":[{"start":{"line":13,"column":2},"end":{"line":13,"column":48}},{"start":{},"end":{}}],"line":13},"2":{"loc":{"start":{"line":24,"column":34},"end":{"line":24,"column":59}},"type":"binary-expr","locations":[{"start":{"line":24,"column":34},"end":{"line":24,"column":44}},{"start":{"line":24,"column":48},"end":{"line":24,"column":59}}],"line":24},"3":{"loc":{"start":{"line":35,"column":16},"end":{"line":35,"column":84}},"type":"cond-expr","locations":[{"start":{"line":35,"column":48},"end":{"line":35,"column":77}},{"start":{"line":35,"column":80},"end":{"line":35,"column":84}}],"line":35},"4":{"loc":{"start":{"line":37,"column":24},"end":{"line":37,"column":62}},"type":"binary-expr","locations":[{"start":{"line":37,"column":24},"end":{"line":37,"column":43}},{"start":{"line":37,"column":47},"end":{"line":37,"column":62}}],"line":37},"5":{"loc":{"start":{"line":39,"column":32},"end":{"line":39,"column":81}},"type":"cond-expr","locations":[{"start":{"line":39,"column":40},"end":{"line":39,"column":76}},{"start":{"line":39,"column":79},"end":{"line":39,"column":81}}],"line":39},"6":{"loc":{"start":{"line":42,"column":4},"end":{"line":42,"column":25}},"type":"if","locations":[{"start":{"line":42,"column":4},"end":{"line":42,"column":25}},{"start":{},"end":{}}],"line":42},"7":{"loc":{"start":{"line":48,"column":18},"end":{"line":48,"column":78}},"type":"cond-expr","locations":[{"start":{"line":48,"column":55},"end":{"line":48,"column":73}},{"start":{"line":48,"column":76},"end":{"line":48,"column":78}}],"line":48},"8":{"loc":{"start":{"line":50,"column":17},"end":{"line":50,"column":76}},"type":"binary-expr","locations":[{"start":{"line":50,"column":17},"end":{"line":50,"column":46}},{"start":{"line":50,"column":50},"end":{"line":50,"column":76}}],"line":50},"9":{"loc":{"start":{"line":64,"column":4},"end":{"line":67,"column":5}},"type":"if","locations":[{"start":{"line":64,"column":4},"end":{"line":67,"column":5}},{"start":{},"end":{}}],"line":64},"10":{"loc":{"start":{"line":80,"column":17},"end":{"line":80,"column":75}},"type":"binary-expr","locations":[{"start":{"line":80,"column":17},"end":{"line":80,"column":46}},{"start":{"line":80,"column":50},"end":{"line":80,"column":75}}],"line":80},"11":{"loc":{"start":{"line":88,"column":19},"end":{"line":88,"column":37}},"type":"binary-expr","locations":[{"start":{"line":88,"column":19},"end":{"line":88,"column":31}},{"start":{"line":88,"column":35},"end":{"line":88,"column":37}}],"line":88},"12":{"loc":{"start":{"line":99,"column":4},"end":{"line":102,"column":5}},"type":"if","locations":[{"start":{"line":99,"column":4},"end":{"line":102,"column":5}},{"start":{},"end":{}}],"line":99},"13":{"loc":{"start":{"line":112,"column":51},"end":{"line":112,"column":117}},"type":"cond-expr","locations":[{"start":{"line":112,"column":89},"end":{"line":112,"column":107}},{"start":{"line":112,"column":110},"end":{"line":112,"column":117}}],"line":112},"14":{"loc":{"start":{"line":115,"column":17},"end":{"line":115,"column":77}},"type":"binary-expr","locations":[{"start":{"line":115,"column":17},"end":{"line":115,"column":46}},{"start":{"line":115,"column":50},"end":{"line":115,"column":77}}],"line":115},"15":{"loc":{"start":{"line":130,"column":17},"end":{"line":130,"column":77}},"type":"binary-expr","locations":[{"start":{"line":130,"column":17},"end":{"line":130,"column":46}},{"start":{"line":130,"column":50},"end":{"line":130,"column":77}}],"line":130},"16":{"loc":{"start":{"line":148,"column":7},"end":{"line":171,"column":7}},"type":"cond-expr","locations":[{"start":{"line":149,"column":8},"end":{"line":165,"column":15}},{"start":{"line":167,"column":8},"end":{"line":170,"column":14}}],"line":148},"17":{"loc":{"start":{"line":161,"column":44},"end":{"line":161,"column":72}},"type":"binary-expr","locations":[{"start":{"line":161,"column":44},"end":{"line":161,"column":56}},{"start":{"line":161,"column":60},"end":{"line":161,"column":72}}],"line":161},"18":{"loc":{"start":{"line":173,"column":7},"end":{"line":173,"column":73}},"type":"cond-expr","locations":[{"start":{"line":173,"column":17},"end":{"line":173,"column":66}},{"start":{"line":173,"column":69},"end":{"line":173,"column":73}}],"line":173},"19":{"loc":{"start":{"line":176,"column":9},"end":{"line":233,"column":9}},"type":"cond-expr","locations":[{"start":{"line":177,"column":10},"end":{"line":177,"column":67}},{"start":{"line":178,"column":12},"end":{"line":233,"column":9}}],"line":176},"20":{"loc":{"start":{"line":178,"column":12},"end":{"line":233,"column":9}},"type":"cond-expr","locations":[{"start":{"line":179,"column":10},"end":{"line":179,"column":64}},{"start":{"line":181,"column":10},"end":{"line":232,"column":12}}],"line":178},"21":{"loc":{"start":{"line":183,"column":28},"end":{"line":183,"column":77}},"type":"binary-expr","locations":[{"start":{"line":183,"column":28},"end":{"line":183,"column":41}},{"start":{"line":183,"column":45},"end":{"line":183,"column":77}}],"line":183},"22":{"loc":{"start":{"line":189,"column":20},"end":{"line":189,"column":43}},"type":"binary-expr","locations":[{"start":{"line":189,"column":20},"end":{"line":189,"column":36}},{"start":{"line":189,"column":40},"end":{"line":189,"column":43}}],"line":189},"23":{"loc":{"start":{"line":193,"column":29},"end":{"line":193,"column":55}},"type":"binary-expr","locations":[{"start":{"line":193,"column":29},"end":{"line":193,"column":45}},{"start":{"line":193,"column":49},"end":{"line":193,"column":55}}],"line":193},"24":{"loc":{"start":{"line":197,"column":19},"end":{"line":217,"column":19}},"type":"cond-expr","locations":[{"start":{"line":198,"column":20},"end":{"line":214,"column":26}},{"start":{"line":216,"column":20},"end":{"line":216,"column":41}}],"line":197},"25":{"loc":{"start":{"line":220,"column":17},"end":{"line":229,"column":24}},"type":"cond-expr","locations":[{"start":{"line":221,"column":18},"end":{"line":228,"column":24}},{"start":{"line":229,"column":20},"end":{"line":229,"column":24}}],"line":220},"26":{"loc":{"start":{"line":220,"column":17},"end":{"line":220,"column":38}},"type":"binary-expr","locations":[{"start":{"line":220,"column":17},"end":{"line":220,"column":24}},{"start":{"line":220,"column":28},"end":{"line":220,"column":38}}],"line":220}},"s":{"0":0,"1":0,"2":0,"3":0,"4":0,"5":0,"6":0,"7":0,"8":0,"9":0,"10":0,"11":0,"12":0,"13":0,"14":0,"15":0,"16":0,"17":0,"18":0,"19":0,"20":0,"21":0,"22":0,"23":0,"24":0,"25":0,"26":0,"27":0,"28":0,"29":0,"30":0,"31":0,"32":0,"33":0,"34":0,"35":0,"36":0,"37":0,"38":0,"39":0,"40":0,"41":0,"42":0,"43":0,"44":0,"45":0,"46":0,"47":0,"48":0,"49":0,"50":0,"51":0,"52":0,"53":0,"54":0,"55":0,"56":0,"57":0,"58":0,"59":0,"60":0,"61":0,"62":0,"63":0,"64":0,"65":0,"66":0,"67":0,"68":0,"69":0,"70":0,"71":0,"72":0,"73":0,"74":0,"75":0,"76":0,"77":0,"78":0,"79":0,"80":0,"81":0,"82":0,"83":0,"84":0,"85":0,"86":0,"87":0,"88":0,"89":0,"90":0,"91":0,"92":0,"93":0},"f":{"0":0,"1":0,"2":0,"3":0,"4":0,"5":0,"6":0,"7":0,"8":0,"9":0,"10":0,"11":0,"12":0,"13":0,"14":0,"15":0,"16":0,"17":0,"18":0,"19":0,"20":0,"21":0,"22":0},"b":{"0":[0,0],"1":[0,0],"2":[0,0],"3":[0,0],"4":[0,0],"5":[0,0],"6":[0,0],"7":[0,0],"8":[0,0],"9":[0,0],"10":[0,0],"11":[0,0],"12":[0,0],"13":[0,0],"14":[0,0],"15":[0,0],"16":[0,0],"17":[0,0],"18":[0,0],"19":[0,0],"20":[0,0],"21":[0,0],"22":[0,0],"23":[0,0],"24":[0,0],"25":[0,0],"26":[0,0]}}
,"C:\\Users\\gitfo\\Desktop\\movie-reservation project\\movie-reservation\\frontend\\src\\components\\custom-select\\CustomSelect.jsx": {"path":"C:\\Users\\gitfo\\Desktop\\movie-reservation project\\movie-reservation\\frontend\\src\\components\\custom-select\\CustomSelect.jsx","statementMap":{"0":{"start":{"line":5,"column":21},"end":{"line":120,"column":1}},"1":{"start":{"line":14,"column":30},"end":{"line":14,"column":45}},"2":{"start":{"line":15,"column":18},"end":{"line":15,"column":30}},"3":{"start":{"line":16,"column":22},"end":{"line":16,"column":29}},"4":{"start":{"line":17,"column":19},"end":{"line":17,"column":36}},"5":{"start":{"line":18,"column":20},"end":{"line":18,"column":41}},"6":{"start":{"line":19,"column":25},"end":{"line":19,"column":87}},"7":{"start":{"line":19,"column":50},"end":{"line":19,"column":72}},"8":{"start":{"line":21,"column":2},"end":{"line":30,"column":9}},"9":{"start":{"line":22,"column":32},"end":{"line":26,"column":5}},"10":{"start":{"line":23,"column":6},"end":{"line":25,"column":7}},"11":{"start":{"line":24,"column":8},"end":{"line":24,"column":25}},"12":{"start":{"line":28,"column":4},"end":{"line":28,"column":66}},"13":{"start":{"line":29,"column":4},"end":{"line":29,"column":82}},"14":{"start":{"line":29,"column":17},"end":{"line":29,"column":81}},"15":{"start":{"line":32,"column":24},"end":{"line":36,"column":3}},"16":{"start":{"line":33,"column":25},"end":{"line":33,"column":78}},"17":{"start":{"line":33,"column":55},"end":{"line":33,"column":77}},"18":{"start":{"line":34,"column":22},"end":{"line":34,"column":82}},"19":{"start":{"line":35,"column":4},"end":{"line":35,"column":39}},"20":{"start":{"line":38,"column":24},"end":{"line":67,"column":3}},"21":{"start":{"line":39,"column":4},"end":{"line":43,"column":5}},"22":{"start":{"line":40,"column":6},"end":{"line":40,"column":29}},"23":{"start":{"line":41,"column":6},"end":{"line":41,"column":39}},"24":{"start":{"line":41,"column":29},"end":{"line":41,"column":37}},"25":{"start":{"line":42,"column":6},"end":{"line":42,"column":13}},"26":{"start":{"line":45,"column":4},"end":{"line":48,"column":5}},"27":{"start":{"line":46,"column":6},"end":{"line":46,"column":23}},"28":{"start":{"line":47,"column":6},"end":{"line":47,"column":13}},"29":{"start":{"line":50,"column":4},"end":{"line":57,"column":5}},"30":{"start":{"line":51,"column":6},"end":{"line":51,"column":29}},"31":{"start":{"line":52,"column":6},"end":{"line":55,"column":7}},"32":{"start":{"line":53,"column":8},"end":{"line":53,"column":24}},"33":{"start":{"line":54,"column":8},"end":{"line":54,"column":15}},"34":{"start":{"line":56,"column":6},"end":{"line":56,"column":23}},"35":{"start":{"line":59,"column":4},"end":{"line":66,"column":5}},"36":{"start":{"line":60,"column":6},"end":{"line":60,"column":29}},"37":{"start":{"line":61,"column":6},"end":{"line":64,"column":7}},"38":{"start":{"line":62,"column":8},"end":{"line":62,"column":24}},"39":{"start":{"line":63,"column":8},"end":{"line":63,"column":15}},"40":{"start":{"line":65,"column":6},"end":{"line":65,"column":24}},"41":{"start":{"line":69,"column":2},"end":{"line":119,"column":4}},"42":{"start":{"line":87,"column":25},"end":{"line":87,"column":57}},"43":{"start":{"line":87,"column":48},"end":{"line":87,"column":56}},"44":{"start":{"line":97,"column":33},"end":{"line":97,"column":55}},"45":{"start":{"line":99,"column":14},"end":{"line":113,"column":16}},"46":{"start":{"line":107,"column":20},"end":{"line":107,"column":43}},"47":{"start":{"line":108,"column":20},"end":{"line":108,"column":37}}},"fnMap":{"0":{"name":"(anonymous_0)","decl":{"start":{"line":5,"column":21},"end":{"line":5,"column":22}},"loc":{"start":{"line":13,"column":6},"end":{"line":120,"column":1}},"line":13},"1":{"name":"(anonymous_1)","decl":{"start":{"line":19,"column":38},"end":{"line":19,"column":39}},"loc":{"start":{"line":19,"column":50},"end":{"line":19,"column":72}},"line":19},"2":{"name":"(anonymous_2)","decl":{"start":{"line":21,"column":12},"end":{"line":21,"column":13}},"loc":{"start":{"line":21,"column":18},"end":{"line":30,"column":3}},"line":21},"3":{"name":"(anonymous_3)","decl":{"start":{"line":22,"column":32},"end":{"line":22,"column":33}},"loc":{"start":{"line":22,"column":43},"end":{"line":26,"column":5}},"line":22},"4":{"name":"(anonymous_4)","decl":{"start":{"line":29,"column":11},"end":{"line":29,"column":12}},"loc":{"start":{"line":29,"column":17},"end":{"line":29,"column":81}},"line":29},"5":{"name":"(anonymous_5)","decl":{"start":{"line":32,"column":24},"end":{"line":32,"column":25}},"loc":{"start":{"line":32,"column":39},"end":{"line":36,"column":3}},"line":32},"6":{"name":"(anonymous_6)","decl":{"start":{"line":33,"column":43},"end":{"line":33,"column":44}},"loc":{"start":{"line":33,"column":55},"end":{"line":33,"column":77}},"line":33},"7":{"name":"(anonymous_7)","decl":{"start":{"line":38,"column":24},"end":{"line":38,"column":25}},"loc":{"start":{"line":38,"column":35},"end":{"line":67,"column":3}},"line":38},"8":{"name":"(anonymous_8)","decl":{"start":{"line":41,"column":16},"end":{"line":41,"column":17}},"loc":{"start":{"line":41,"column":29},"end":{"line":41,"column":37}},"line":41},"9":{"name":"(anonymous_9)","decl":{"start":{"line":87,"column":19},"end":{"line":87,"column":20}},"loc":{"start":{"line":87,"column":25},"end":{"line":87,"column":57}},"line":87},"10":{"name":"(anonymous_10)","decl":{"start":{"line":87,"column":35},"end":{"line":87,"column":36}},"loc":{"start":{"line":87,"column":48},"end":{"line":87,"column":56}},"line":87},"11":{"name":"(anonymous_11)","decl":{"start":{"line":96,"column":25},"end":{"line":96,"column":26}},"loc":{"start":{"line":96,"column":37},"end":{"line":114,"column":13}},"line":96},"12":{"name":"(anonymous_12)","decl":{"start":{"line":106,"column":27},"end":{"line":106,"column":28}},"loc":{"start":{"line":106,"column":33},"end":{"line":109,"column":19}},"line":106}},"branchMap":{"0":{"loc":{"start":{"line":12,"column":2},"end":{"line":12,"column":16}},"type":"default-arg","locations":[{"start":{"line":12,"column":14},"end":{"line":12,"column":16}}],"line":12},"1":{"loc":{"start":{"line":17,"column":19},"end":{"line":17,"column":36}},"type":"binary-expr","locations":[{"start":{"line":17,"column":19},"end":{"line":17,"column":21}},{"start":{"line":17,"column":25},"end":{"line":17,"column":36}}],"line":17},"2":{"loc":{"start":{"line":19,"column":25},"end":{"line":19,"column":87}},"type":"binary-expr","locations":[{"start":{"line":19,"column":25},"end":{"line":19,"column":73}},{"start":{"line":19,"column":77},"end":{"line":19,"column":87}}],"line":19},"3":{"loc":{"start":{"line":23,"column":6},"end":{"line":25,"column":7}},"type":"if","locations":[{"start":{"line":23,"column":6},"end":{"line":25,"column":7}},{"start":{},"end":{}}],"line":23},"4":{"loc":{"start":{"line":23,"column":10},"end":{"line":23,"column":68}},"type":"binary-expr","locations":[{"start":{"line":23,"column":10},"end":{"line":23,"column":25}},{"start":{"line":23,"column":29},"end":{"line":23,"column":68}}],"line":23},"5":{"loc":{"start":{"line":39,"column":4},"end":{"line":43,"column":5}},"type":"if","locations":[{"start":{"line":39,"column":4},"end":{"line":43,"column":5}},{"start":{},"end":{}}],"line":39},"6":{"loc":{"start":{"line":39,"column":8},"end":{"line":39,"column":50}},"type":"binary-expr","locations":[{"start":{"line":39,"column":8},"end":{"line":39,"column":29}},{"start":{"line":39,"column":33},"end":{"line":39,"column":50}}],"line":39},"7":{"loc":{"start":{"line":45,"column":4},"end":{"line":48,"column":5}},"type":"if","locations":[{"start":{"line":45,"column":4},"end":{"line":48,"column":5}},{"start":{},"end":{}}],"line":45},"8":{"loc":{"start":{"line":50,"column":4},"end":{"line":57,"column":5}},"type":"if","locations":[{"start":{"line":50,"column":4},"end":{"line":57,"column":5}},{"start":{},"end":{}}],"line":50},"9":{"loc":{"start":{"line":52,"column":6},"end":{"line":55,"column":7}},"type":"if","locations":[{"start":{"line":52,"column":6},"end":{"line":55,"column":7}},{"start":{},"end":{}}],"line":52},"10":{"loc":{"start":{"line":59,"column":4},"end":{"line":66,"column":5}},"type":"if","locations":[{"start":{"line":59,"column":4},"end":{"line":66,"column":5}},{"start":{},"end":{}}],"line":59},"11":{"loc":{"start":{"line":61,"column":6},"end":{"line":64,"column":7}},"type":"if","locations":[{"start":{"line":61,"column":6},"end":{"line":64,"column":7}},{"start":{},"end":{}}],"line":61},"12":{"loc":{"start":{"line":70,"column":37},"end":{"line":70,"column":60}},"type":"cond-expr","locations":[{"start":{"line":70,"column":46},"end":{"line":70,"column":55}},{"start":{"line":70,"column":58},"end":{"line":70,"column":60}}],"line":70},"13":{"loc":{"start":{"line":71,"column":7},"end":{"line":75,"column":7}},"type":"binary-expr","locations":[{"start":{"line":71,"column":7},"end":{"line":71,"column":12}},{"start":{"line":72,"column":8},"end":{"line":74,"column":16}}],"line":71},"14":{"loc":{"start":{"line":86,"column":27},"end":{"line":86,"column":78}},"type":"cond-expr","locations":[{"start":{"line":86,"column":35},"end":{"line":86,"column":66}},{"start":{"line":86,"column":69},"end":{"line":86,"column":78}}],"line":86},"15":{"loc":{"start":{"line":94,"column":9},"end":{"line":116,"column":9}},"type":"binary-expr","locations":[{"start":{"line":94,"column":9},"end":{"line":94,"column":15}},{"start":{"line":95,"column":10},"end":{"line":115,"column":16}}],"line":94},"16":{"loc":{"start":{"line":95,"column":93},"end":{"line":95,"column":132}},"type":"cond-expr","locations":[{"start":{"line":95,"column":101},"end":{"line":95,"column":120}},{"start":{"line":95,"column":123},"end":{"line":95,"column":132}}],"line":95},"17":{"loc":{"start":{"line":103,"column":53},"end":{"line":103,"column":84}},"type":"cond-expr","locations":[{"start":{"line":103,"column":66},"end":{"line":103,"column":79}},{"start":{"line":103,"column":82},"end":{"line":103,"column":84}}],"line":103}},"s":{"0":0,"1":0,"2":0,"3":0,"4":0,"5":0,"6":0,"7":0,"8":0,"9":0,"10":0,"11":0,"12":0,"13":0,"14":0,"15":0,"16":0,"17":0,"18":0,"19":0,"20":0,"21":0,"22":0,"23":0,"24":0,"25":0,"26":0,"27":0,"28":0,"29":0,"30":0,"31":0,"32":0,"33":0,"34":0,"35":0,"36":0,"37":0,"38":0,"39":0,"40":0,"41":0,"42":0,"43":0,"44":0,"45":0,"46":0,"47":0},"f":{"0":0,"1":0,"2":0,"3":0,"4":0,"5":0,"6":0,"7":0,"8":0,"9":0,"10":0,"11":0,"12":0},"b":{"0":[0],"1":[0,0],"2":[0,0],"3":[0,0],"4":[0,0],"5":[0,0],"6":[0,0],"7":[0,0],"8":[0,0],"9":[0,0],"10":[0,0],"11":[0,0],"12":[0,0],"13":[0,0],"14":[0,0],"15":[0,0],"16":[0,0],"17":[0,0]}}
,"C:\\Users\\gitfo\\Desktop\\movie-reservation project\\movie-reservation\\frontend\\src\\components\\footer\\Footer.jsx": {"path":"C:\\Users\\gitfo\\Desktop\\movie-reservation project\\movie-reservation\\frontend\\src\\components\\footer\\Footer.jsx","statementMap":{"0":{"start":{"line":5,"column":2},"end":{"line":38,"column":4}}},"fnMap":{"0":{"name":"Footer","decl":{"start":{"line":4,"column":24},"end":{"line":4,"column":30}},"loc":{"start":{"line":4,"column":33},"end":{"line":39,"column":1}},"line":4}},"branchMap":{},"s":{"0":0},"f":{"0":0},"b":{}}
,"C:\\Users\\gitfo\\Desktop\\movie-reservation project\\movie-reservation\\frontend\\src\\components\\header\\cineReserve.jsx": {"path":"C:\\Users\\gitfo\\Desktop\\movie-reservation project\\movie-reservation\\frontend\\src\\components\\header\\cineReserve.jsx","statementMap":{"0":{"start":{"line":3,"column":23},"end":{"line":25,"column":1}},"1":{"start":{"line":4,"column":34},"end":{"line":4,"column":67}},"2":{"start":{"line":6,"column":2},"end":{"line":10,"column":9}},"3":{"start":{"line":7,"column":25},"end":{"line":7,"column":67}},"4":{"start":{"line":7,"column":31},"end":{"line":7,"column":67}},"5":{"start":{"line":8,"column":4},"end":{"line":8,"column":52}},"6":{"start":{"line":9,"column":4},"end":{"line":9,"column":68}},"7":{"start":{"line":9,"column":17},"end":{"line":9,"column":67}},"8":{"start":{"line":12,"column":16},"end":{"line":18,"column":3}},"9":{"start":{"line":20,"column":2},"end":{"line":23,"column":8}}},"fnMap":{"0":{"name":"(anonymous_0)","decl":{"start":{"line":3,"column":23},"end":{"line":3,"column":24}},"loc":{"start":{"line":3,"column":29},"end":{"line":25,"column":1}},"line":3},"1":{"name":"(anonymous_1)","decl":{"start":{"line":6,"column":12},"end":{"line":6,"column":13}},"loc":{"start":{"line":6,"column":18},"end":{"line":10,"column":3}},"line":6},"2":{"name":"(anonymous_2)","decl":{"start":{"line":7,"column":25},"end":{"line":7,"column":26}},"loc":{"start":{"line":7,"column":31},"end":{"line":7,"column":67}},"line":7},"3":{"name":"(anonymous_3)","decl":{"start":{"line":9,"column":11},"end":{"line":9,"column":12}},"loc":{"start":{"line":9,"column":17},"end":{"line":9,"column":67}},"line":9}},"branchMap":{"0":{"loc":{"start":{"line":14,"column":14},"end":{"line":14,"column":42}},"type":"cond-expr","locations":[{"start":{"line":14,"column":25},"end":{"line":14,"column":31}},{"start":{"line":14,"column":34},"end":{"line":14,"column":42}}],"line":14},"1":{"loc":{"start":{"line":21,"column":73},"end":{"line":21,"column":98}},"type":"cond-expr","locations":[{"start":{"line":21,"column":83},"end":{"line":21,"column":89}},{"start":{"line":21,"column":91},"end":{"line":21,"column":98}}],"line":21}},"s":{"0":0,"1":0,"2":0,"3":0,"4":0,"5":0,"6":0,"7":0,"8":0,"9":0},"f":{"0":0,"1":0,"2":0,"3":0},"b":{"0":[0,0],"1":[0,0]}}
,"C:\\Users\\gitfo\\Desktop\\movie-reservation project\\movie-reservation\\frontend\\src\\components\\header\\header.jsx": {"path":"C:\\Users\\gitfo\\Desktop\\movie-reservation project\\movie-reservation\\frontend\\src\\components\\header\\header.jsx","statementMap":{"0":{"start":{"line":10,"column":19},"end":{"line":10,"column":31}},"1":{"start":{"line":11,"column":26},"end":{"line":11,"column":46}},"2":{"start":{"line":12,"column":28},"end":{"line":12,"column":46}},"3":{"start":{"line":14,"column":15},"end":{"line":293,"column":1}},"4":{"start":{"line":15,"column":38},"end":{"line":15,"column":53}},"5":{"start":{"line":16,"column":38},"end":{"line":16,"column":53}},"6":{"start":{"line":17,"column":40},"end":{"line":17,"column":52}},"7":{"start":{"line":19,"column":39},"end":{"line":19,"column":56}},"8":{"start":{"line":20,"column":20},"end":{"line":20,"column":33}},"9":{"start":{"line":23,"column":34},"end":{"line":23,"column":67}},"10":{"start":{"line":24,"column":24},"end":{"line":24,"column":37}},"11":{"start":{"line":26,"column":2},"end":{"line":42,"column":9}},"12":{"start":{"line":27,"column":16},"end":{"line":27,"column":20}},"13":{"start":{"line":28,"column":25},"end":{"line":34,"column":5}},"14":{"start":{"line":29,"column":6},"end":{"line":29,"column":33}},"15":{"start":{"line":29,"column":26},"end":{"line":29,"column":33}},"16":{"start":{"line":30,"column":6},"end":{"line":33,"column":9}},"17":{"start":{"line":31,"column":8},"end":{"line":31,"column":45}},"18":{"start":{"line":32,"column":8},"end":{"line":32,"column":21}},"19":{"start":{"line":35,"column":4},"end":{"line":35,"column":71}},"20":{"start":{"line":36,"column":4},"end":{"line":41,"column":6}},"21":{"start":{"line":37,"column":6},"end":{"line":37,"column":57}},"22":{"start":{"line":38,"column":6},"end":{"line":40,"column":7}},"23":{"start":{"line":39,"column":8},"end":{"line":39,"column":43}},"24":{"start":{"line":44,"column":23},"end":{"line":48,"column":3}},"25":{"start":{"line":45,"column":4},"end":{"line":45,"column":37}},"26":{"start":{"line":46,"column":4},"end":{"line":46,"column":25}},"27":{"start":{"line":50,"column":2},"end":{"line":53,"column":17}},"28":{"start":{"line":51,"column":18},"end":{"line":51,"column":47}},"29":{"start":{"line":52,"column":4},"end":{"line":52,"column":34}},"30":{"start":{"line":54,"column":2},"end":{"line":65,"column":9}},"31":{"start":{"line":55,"column":25},"end":{"line":61,"column":5}},"32":{"start":{"line":56,"column":27},"end":{"line":56,"column":46}},"33":{"start":{"line":57,"column":6},"end":{"line":60,"column":7}},"34":{"start":{"line":58,"column":8},"end":{"line":58,"column":45}},"35":{"start":{"line":59,"column":8},"end":{"line":59,"column":36}},"36":{"start":{"line":62,"column":4},"end":{"line":62,"column":19}},"37":{"start":{"line":63,"column":4},"end":{"line":63,"column":71}},"38":{"start":{"line":64,"column":4},"end":{"line":64,"column":68}},"39":{"start":{"line":64,"column":17},"end":{"line":64,"column":67}},"40":{"start":{"line":67,"column":19},"end":{"line":72,"column":3}},"41":{"start":{"line":74,"column":25},"end":{"line":87,"column":3}},"42":{"start":{"line":89,"column":29},"end":{"line":101,"column":3}},"43":{"start":{"line":103,"column":26},"end":{"line":106,"column":3}},"44":{"start":{"line":108,"column":2},"end":{"line":292,"column":4}},"45":{"start":{"line":143,"column":10},"end":{"line":162,"column":23}},"46":{"start":{"line":183,"column":27},"end":{"line":183,"column":57}},"47":{"start":{"line":223,"column":25},"end":{"line":223,"column":51}},"48":{"start":{"line":267,"column":16},"end":{"line":285,"column":29}},"49":{"start":{"line":281,"column":33},"end":{"line":281,"column":53}}},"fnMap":{"0":{"name":"(anonymous_0)","decl":{"start":{"line":14,"column":15},"end":{"line":14,"column":16}},"loc":{"start":{"line":14,"column":21},"end":{"line":293,"column":1}},"line":14},"1":{"name":"(anonymous_1)","decl":{"start":{"line":26,"column":12},"end":{"line":26,"column":13}},"loc":{"start":{"line":26,"column":18},"end":{"line":42,"column":3}},"line":26},"2":{"name":"(anonymous_2)","decl":{"start":{"line":28,"column":25},"end":{"line":28,"column":26}},"loc":{"start":{"line":28,"column":31},"end":{"line":34,"column":5}},"line":28},"3":{"name":"(anonymous_3)","decl":{"start":{"line":30,"column":43},"end":{"line":30,"column":44}},"loc":{"start":{"line":30,"column":49},"end":{"line":33,"column":7}},"line":30},"4":{"name":"(anonymous_4)","decl":{"start":{"line":36,"column":11},"end":{"line":36,"column":12}},"loc":{"start":{"line":36,"column":17},"end":{"line":41,"column":5}},"line":36},"5":{"name":"(anonymous_5)","decl":{"start":{"line":44,"column":23},"end":{"line":44,"column":24}},"loc":{"start":{"line":44,"column":29},"end":{"line":48,"column":3}},"line":44},"6":{"name":"(anonymous_6)","decl":{"start":{"line":50,"column":12},"end":{"line":50,"column":13}},"loc":{"start":{"line":50,"column":18},"end":{"line":53,"column":3}},"line":50},"7":{"name":"(anonymous_7)","decl":{"start":{"line":54,"column":12},"end":{"line":54,"column":13}},"loc":{"start":{"line":54,"column":18},"end":{"line":65,"column":3}},"line":54},"8":{"name":"(anonymous_8)","decl":{"start":{"line":55,"column":25},"end":{"line":55,"column":26}},"loc":{"start":{"line":55,"column":31},"end":{"line":61,"column":5}},"line":55},"9":{"name":"(anonymous_9)","decl":{"start":{"line":64,"column":11},"end":{"line":64,"column":12}},"loc":{"start":{"line":64,"column":17},"end":{"line":64,"column":67}},"line":64},"10":{"name":"(anonymous_10)","decl":{"start":{"line":142,"column":22},"end":{"line":142,"column":23}},"loc":{"start":{"line":143,"column":10},"end":{"line":162,"column":23}},"line":143},"11":{"name":"(anonymous_11)","decl":{"start":{"line":183,"column":20},"end":{"line":183,"column":21}},"loc":{"start":{"line":183,"column":27},"end":{"line":183,"column":57}},"line":183},"12":{"name":"(anonymous_12)","decl":{"start":{"line":223,"column":19},"end":{"line":223,"column":20}},"loc":{"start":{"line":223,"column":25},"end":{"line":223,"column":51}},"line":223},"13":{"name":"(anonymous_13)","decl":{"start":{"line":266,"column":28},"end":{"line":266,"column":29}},"loc":{"start":{"line":267,"column":16},"end":{"line":285,"column":29}},"line":267},"14":{"name":"(anonymous_14)","decl":{"start":{"line":281,"column":27},"end":{"line":281,"column":28}},"loc":{"start":{"line":281,"column":33},"end":{"line":281,"column":53}},"line":281}},"branchMap":{"0":{"loc":{"start":{"line":29,"column":6},"end":{"line":29,"column":33}},"type":"if","locations":[{"start":{"line":29,"column":6},"end":{"line":29,"column":33}},{"start":{},"end":{}}],"line":29},"1":{"loc":{"start":{"line":38,"column":6},"end":{"line":40,"column":7}},"type":"if","locations":[{"start":{"line":38,"column":6},"end":{"line":40,"column":7}},{"start":{},"end":{}}],"line":38},"2":{"loc":{"start":{"line":57,"column":6},"end":{"line":60,"column":7}},"type":"if","locations":[{"start":{"line":57,"column":6},"end":{"line":60,"column":7}},{"start":{},"end":{}}],"line":57},"3":{"loc":{"start":{"line":111,"column":15},"end":{"line":111,"column":50}},"type":"cond-expr","locations":[{"start":{"line":111,"column":28},"end":{"line":111,"column":38}},{"start":{"line":111,"column":41},"end":{"line":111,"column":50}}],"line":111},"4":{"loc":{"start":{"line":196,"column":9},"end":{"line":219,"column":21}},"type":"cond-expr","locations":[{"start":{"line":196,"column":24},"end":{"line":196,"column":59}},{"start":{"line":197,"column":8},"end":{"line":219,"column":21}}],"line":196},"5":{"loc":{"start":{"line":210,"column":22},"end":{"line":210,"column":53}},"type":"cond-expr","locations":[{"start":{"line":210,"column":33},"end":{"line":210,"column":41}},{"start":{"line":210,"column":44},"end":{"line":210,"column":53}}],"line":210},"6":{"loc":{"start":{"line":211,"column":22},"end":{"line":211,"column":51}},"type":"cond-expr","locations":[{"start":{"line":211,"column":33},"end":{"line":211,"column":42}},{"start":{"line":211,"column":45},"end":{"line":211,"column":51}}],"line":211},"7":{"loc":{"start":{"line":240,"column":11},"end":{"line":240,"column":48}},"type":"cond-expr","locations":[{"start":{"line":240,"column":24},"end":{"line":240,"column":35}},{"start":{"line":240,"column":38},"end":{"line":240,"column":48}}],"line":240},"8":{"loc":{"start":{"line":246,"column":9},"end":{"line":289,"column":9}},"type":"binary-expr","locations":[{"start":{"line":246,"column":9},"end":{"line":246,"column":19}},{"start":{"line":247,"column":10},"end":{"line":288,"column":23}}],"line":246}},"s":{"0":0,"1":0,"2":0,"3":0,"4":0,"5":0,"6":0,"7":0,"8":0,"9":0,"10":0,"11":0,"12":0,"13":0,"14":0,"15":0,"16":0,"17":0,"18":0,"19":0,"20":0,"21":0,"22":0,"23":0,"24":0,"25":0,"26":0,"27":0,"28":0,"29":0,"30":0,"31":0,"32":0,"33":0,"34":0,"35":0,"36":0,"37":0,"38":0,"39":0,"40":0,"41":0,"42":0,"43":0,"44":0,"45":0,"46":0,"47":0,"48":0,"49":0},"f":{"0":0,"1":0,"2":0,"3":0,"4":0,"5":0,"6":0,"7":0,"8":0,"9":0,"10":0,"11":0,"12":0,"13":0,"14":0},"b":{"0":[0,0],"1":[0,0],"2":[0,0],"3":[0,0],"4":[0,0],"5":[0,0],"6":[0,0],"7":[0,0],"8":[0,0]}}
,"C:\\Users\\gitfo\\Desktop\\movie-reservation project\\movie-reservation\\frontend\\src\\components\\movies-selection\\SkeletonCard.jsx": {"path":"C:\\Users\\gitfo\\Desktop\\movie-reservation project\\movie-reservation\\frontend\\src\\components\\movies-selection\\SkeletonCard.jsx","statementMap":{"0":{"start":{"line":4,"column":21},"end":{"line":14,"column":1}},"1":{"start":{"line":5,"column":2},"end":{"line":13,"column":4}}},"fnMap":{"0":{"name":"(anonymous_0)","decl":{"start":{"line":4,"column":21},"end":{"line":4,"column":22}},"loc":{"start":{"line":4,"column":27},"end":{"line":14,"column":1}},"line":4}},"branchMap":{},"s":{"0":0,"1":0},"f":{"0":0},"b":{}}
,"C:\\Users\\gitfo\\Desktop\\movie-reservation project\\movie-reservation\\frontend\\src\\components\\movies-selection\\movie-selection.jsx": {"path":"C:\\Users\\gitfo\\Desktop\\movie-reservation project\\movie-reservation\\frontend\\src\\components\\movies-selection\\movie-selection.jsx","statementMap":{"0":{"start":{"line":8,"column":18},"end":{"line":28,"column":1}},"1":{"start":{"line":30,"column":21},"end":{"line":39,"column":1}},"2":{"start":{"line":41,"column":20},"end":{"line":48,"column":1}},"3":{"start":{"line":51,"column":2},"end":{"line":51,"column":37}},"4":{"start":{"line":51,"column":22},"end":{"line":51,"column":37}},"5":{"start":{"line":52,"column":14},"end":{"line":52,"column":19}},"6":{"start":{"line":54,"column":2},"end":{"line":59,"column":4}},"7":{"start":{"line":55,"column":4},"end":{"line":57,"column":5}},"8":{"start":{"line":56,"column":6},"end":{"line":56,"column":18}},"9":{"start":{"line":60,"column":2},"end":{"line":60,"column":13}},"10":{"start":{"line":62,"column":23},"end":{"line":172,"column":1}},"11":{"start":{"line":63,"column":33},"end":{"line":63,"column":38}},"12":{"start":{"line":64,"column":43},"end":{"line":64,"column":59}},"13":{"start":{"line":65,"column":49},"end":{"line":65,"column":64}},"14":{"start":{"line":66,"column":31},"end":{"line":66,"column":70}},"15":{"start":{"line":66,"column":37},"end":{"line":66,"column":70}},"16":{"start":{"line":66,"column":64},"end":{"line":66,"column":69}},"17":{"start":{"line":69,"column":35},"end":{"line":69,"column":47}},"18":{"start":{"line":70,"column":31},"end":{"line":70,"column":52}},"19":{"start":{"line":71,"column":33},"end":{"line":71,"column":48}},"20":{"start":{"line":74,"column":30},"end":{"line":87,"column":39}},"21":{"start":{"line":75,"column":8},"end":{"line":86,"column":13}},"22":{"start":{"line":76,"column":27},"end":{"line":76,"column":85}},"23":{"start":{"line":77,"column":27},"end":{"line":77,"column":52}},"24":{"start":{"line":79,"column":12},"end":{"line":79,"column":69}},"25":{"start":{"line":79,"column":40},"end":{"line":79,"column":69}},"26":{"start":{"line":80,"column":12},"end":{"line":80,"column":68}},"27":{"start":{"line":80,"column":39},"end":{"line":80,"column":68}},"28":{"start":{"line":81,"column":12},"end":{"line":81,"column":83}},"29":{"start":{"line":81,"column":38},"end":{"line":81,"column":83}},"30":{"start":{"line":82,"column":12},"end":{"line":82,"column":82}},"31":{"start":{"line":82,"column":37},"end":{"line":82,"column":82}},"32":{"start":{"line":83,"column":12},"end":{"line":83,"column":77}},"33":{"start":{"line":83,"column":37},"end":{"line":83,"column":77}},"34":{"start":{"line":84,"column":12},"end":{"line":84,"column":77}},"35":{"start":{"line":84,"column":37},"end":{"line":84,"column":77}},"36":{"start":{"line":85,"column":12},"end":{"line":85,"column":21}},"37":{"start":{"line":89,"column":4},"end":{"line":171,"column":7}},"38":{"start":{"line":103,"column":27},"end":{"line":103,"column":52}},"39":{"start":{"line":136,"column":53},"end":{"line":136,"column":79}},"40":{"start":{"line":138,"column":55},"end":{"line":138,"column":79}},"41":{"start":{"line":145,"column":56},"end":{"line":145,"column":80}},"42":{"start":{"line":146,"column":14},"end":{"line":164,"column":20}},"43":{"start":{"line":149,"column":33},"end":{"line":149,"column":57}}},"fnMap":{"0":{"name":"GenreFilter","decl":{"start":{"line":50,"column":9},"end":{"line":50,"column":20}},"loc":{"start":{"line":50,"column":34},"end":{"line":61,"column":1}},"line":50},"1":{"name":"(anonymous_1)","decl":{"start":{"line":54,"column":26},"end":{"line":54,"column":27}},"loc":{"start":{"line":54,"column":33},"end":{"line":59,"column":3}},"line":54},"2":{"name":"(anonymous_2)","decl":{"start":{"line":62,"column":23},"end":{"line":62,"column":24}},"loc":{"start":{"line":62,"column":34},"end":{"line":172,"column":1}},"line":62},"3":{"name":"(anonymous_3)","decl":{"start":{"line":66,"column":31},"end":{"line":66,"column":32}},"loc":{"start":{"line":66,"column":37},"end":{"line":66,"column":70}},"line":66},"4":{"name":"(anonymous_4)","decl":{"start":{"line":66,"column":54},"end":{"line":66,"column":55}},"loc":{"start":{"line":66,"column":64},"end":{"line":66,"column":69}},"line":66},"5":{"name":"(anonymous_5)","decl":{"start":{"line":74,"column":38},"end":{"line":74,"column":39}},"loc":{"start":{"line":74,"column":44},"end":{"line":87,"column":7}},"line":74},"6":{"name":"(anonymous_6)","decl":{"start":{"line":76,"column":18},"end":{"line":76,"column":19}},"loc":{"start":{"line":76,"column":27},"end":{"line":76,"column":85}},"line":76},"7":{"name":"(anonymous_7)","decl":{"start":{"line":77,"column":18},"end":{"line":77,"column":19}},"loc":{"start":{"line":77,"column":27},"end":{"line":77,"column":52}},"line":77},"8":{"name":"(anonymous_8)","decl":{"start":{"line":78,"column":16},"end":{"line":78,"column":17}},"loc":{"start":{"line":78,"column":26},"end":{"line":86,"column":11}},"line":78},"9":{"name":"(anonymous_9)","decl":{"start":{"line":103,"column":22},"end":{"line":103,"column":23}},"loc":{"start":{"line":103,"column":27},"end":{"line":103,"column":52}},"line":103},"10":{"name":"(anonymous_10)","decl":{"start":{"line":136,"column":41},"end":{"line":136,"column":42}},"loc":{"start":{"line":136,"column":53},"end":{"line":136,"column":79}},"line":136},"11":{"name":"(anonymous_11)","decl":{"start":{"line":138,"column":50},"end":{"line":138,"column":51}},"loc":{"start":{"line":138,"column":55},"end":{"line":138,"column":79}},"line":138},"12":{"name":"(anonymous_12)","decl":{"start":{"line":145,"column":51},"end":{"line":145,"column":52}},"loc":{"start":{"line":145,"column":56},"end":{"line":145,"column":80}},"line":145},"13":{"name":"(anonymous_13)","decl":{"start":{"line":145,"column":104},"end":{"line":145,"column":105}},"loc":{"start":{"line":146,"column":14},"end":{"line":164,"column":20}},"line":146},"14":{"name":"(anonymous_14)","decl":{"start":{"line":149,"column":27},"end":{"line":149,"column":28}},"loc":{"start":{"line":149,"column":33},"end":{"line":149,"column":57}},"line":149}},"branchMap":{"0":{"loc":{"start":{"line":51,"column":2},"end":{"line":51,"column":37}},"type":"if","locations":[{"start":{"line":51,"column":2},"end":{"line":51,"column":37}},{"start":{},"end":{}}],"line":51},"1":{"loc":{"start":{"line":55,"column":4},"end":{"line":57,"column":5}},"type":"if","locations":[{"start":{"line":55,"column":4},"end":{"line":57,"column":5}},{"start":{},"end":{}}],"line":55},"2":{"loc":{"start":{"line":79,"column":12},"end":{"line":79,"column":69}},"type":"if","locations":[{"start":{"line":79,"column":12},"end":{"line":79,"column":69}},{"start":{},"end":{}}],"line":79},"3":{"loc":{"start":{"line":80,"column":12},"end":{"line":80,"column":68}},"type":"if","locations":[{"start":{"line":80,"column":12},"end":{"line":80,"column":68}},{"start":{},"end":{}}],"line":80},"4":{"loc":{"start":{"line":81,"column":12},"end":{"line":81,"column":83}},"type":"if","locations":[{"start":{"line":81,"column":12},"end":{"line":81,"column":83}},{"start":{},"end":{}}],"line":81},"5":{"loc":{"start":{"line":82,"column":12},"end":{"line":82,"column":82}},"type":"if","locations":[{"start":{"line":82,"column":12},"end":{"line":82,"column":82}},{"start":{},"end":{}}],"line":82},"6":{"loc":{"start":{"line":83,"column":12},"end":{"line":83,"column":77}},"type":"if","locations":[{"start":{"line":83,"column":12},"end":{"line":83,"column":77}},{"start":{},"end":{}}],"line":83},"7":{"loc":{"start":{"line":84,"column":12},"end":{"line":84,"column":77}},"type":"if","locations":[{"start":{"line":84,"column":12},"end":{"line":84,"column":77}},{"start":{},"end":{}}],"line":84},"8":{"loc":{"start":{"line":90,"column":5},"end":{"line":95,"column":5}},"type":"binary-expr","locations":[{"start":{"line":90,"column":5},"end":{"line":90,"column":11}},{"start":{"line":91,"column":6},"end":{"line":94,"column":12}}],"line":90},"9":{"loc":{"start":{"line":108,"column":38},"end":{"line":108,"column":67}},"type":"cond-expr","locations":[{"start":{"line":108,"column":54},"end":{"line":108,"column":62}},{"start":{"line":108,"column":65},"end":{"line":108,"column":67}}],"line":108},"10":{"loc":{"start":{"line":110,"column":19},"end":{"line":110,"column":79}},"type":"cond-expr","locations":[{"start":{"line":110,"column":35},"end":{"line":110,"column":52}},{"start":{"line":110,"column":55},"end":{"line":110,"column":79}}],"line":110},"11":{"loc":{"start":{"line":111,"column":24},"end":{"line":111,"column":84}},"type":"cond-expr","locations":[{"start":{"line":111,"column":40},"end":{"line":111,"column":57}},{"start":{"line":111,"column":60},"end":{"line":111,"column":84}}],"line":111},"12":{"loc":{"start":{"line":113,"column":13},"end":{"line":113,"column":48}},"type":"cond-expr","locations":[{"start":{"line":113,"column":29},"end":{"line":113,"column":37}},{"start":{"line":113,"column":40},"end":{"line":113,"column":48}}],"line":113},"13":{"loc":{"start":{"line":135,"column":9},"end":{"line":167,"column":9}},"type":"cond-expr","locations":[{"start":{"line":136,"column":10},"end":{"line":136,"column":80}},{"start":{"line":138,"column":10},"end":{"line":166,"column":11}}],"line":135},"14":{"loc":{"start":{"line":138,"column":10},"end":{"line":166,"column":11}},"type":"cond-expr","locations":[{"start":{"line":139,"column":12},"end":{"line":143,"column":18}},{"start":{"line":145,"column":12},"end":{"line":165,"column":14}}],"line":138},"15":{"loc":{"start":{"line":138,"column":12},"end":{"line":138,"column":97}},"type":"cond-expr","locations":[{"start":{"line":138,"column":28},"end":{"line":138,"column":80}},{"start":{"line":138,"column":83},"end":{"line":138,"column":97}}],"line":138},"16":{"loc":{"start":{"line":145,"column":13},"end":{"line":145,"column":98}},"type":"cond-expr","locations":[{"start":{"line":145,"column":29},"end":{"line":145,"column":81}},{"start":{"line":145,"column":84},"end":{"line":145,"column":98}}],"line":145},"17":{"loc":{"start":{"line":148,"column":42},"end":{"line":148,"column":86}},"type":"cond-expr","locations":[{"start":{"line":148,"column":73},"end":{"line":148,"column":81}},{"start":{"line":148,"column":84},"end":{"line":148,"column":86}}],"line":148},"18":{"loc":{"start":{"line":150,"column":25},"end":{"line":150,"column":73}},"type":"cond-expr","locations":[{"start":{"line":150,"column":56},"end":{"line":150,"column":64}},{"start":{"line":150,"column":67},"end":{"line":150,"column":73}}],"line":150},"19":{"loc":{"start":{"line":152,"column":19},"end":{"line":152,"column":61}},"type":"cond-expr","locations":[{"start":{"line":152,"column":50},"end":{"line":152,"column":54}},{"start":{"line":152,"column":57},"end":{"line":152,"column":61}}],"line":152}},"s":{"0":0,"1":0,"2":0,"3":0,"4":0,"5":0,"6":0,"7":0,"8":0,"9":0,"10":0,"11":0,"12":0,"13":0,"14":0,"15":0,"16":0,"17":0,"18":0,"19":0,"20":0,"21":0,"22":0,"23":0,"24":0,"25":0,"26":0,"27":0,"28":0,"29":0,"30":0,"31":0,"32":0,"33":0,"34":0,"35":0,"36":0,"37":0,"38":0,"39":0,"40":0,"41":0,"42":0,"43":0},"f":{"0":0,"1":0,"2":0,"3":0,"4":0,"5":0,"6":0,"7":0,"8":0,"9":0,"10":0,"11":0,"12":0,"13":0,"14":0},"b":{"0":[0,0],"1":[0,0],"2":[0,0],"3":[0,0],"4":[0,0],"5":[0,0],"6":[0,0],"7":[0,0],"8":[0,0],"9":[0,0],"10":[0,0],"11":[0,0],"12":[0,0],"13":[0,0],"14":[0,0],"15":[0,0],"16":[0,0],"17":[0,0],"18":[0,0],"19":[0,0]}}
,"C:\\Users\\gitfo\\Desktop\\movie-reservation project\\movie-reservation\\frontend\\src\\components\\movies-slider\\movie-slider.jsx": {"path":"C:\\Users\\gitfo\\Desktop\\movie-reservation project\\movie-reservation\\frontend\\src\\components\\movies-slider\\movie-slider.jsx","statementMap":{"0":{"start":{"line":5,"column":20},"end":{"line":59,"column":1}},"1":{"start":{"line":6,"column":19},"end":{"line":6,"column":31}},"2":{"start":{"line":7,"column":34},"end":{"line":7,"column":45}},"3":{"start":{"line":8,"column":40},"end":{"line":8,"column":55}},"4":{"start":{"line":9,"column":40},"end":{"line":9,"column":57}},"5":{"start":{"line":10,"column":24},"end":{"line":17,"column":7}},"6":{"start":{"line":11,"column":8},"end":{"line":11,"column":29}},"7":{"start":{"line":12,"column":8},"end":{"line":12,"column":27}},"8":{"start":{"line":13,"column":8},"end":{"line":16,"column":16}},"9":{"start":{"line":14,"column":10},"end":{"line":14,"column":76}},"10":{"start":{"line":14,"column":32},"end":{"line":14,"column":73}},"11":{"start":{"line":15,"column":10},"end":{"line":15,"column":30}},"12":{"start":{"line":18,"column":24},"end":{"line":25,"column":7}},"13":{"start":{"line":19,"column":8},"end":{"line":19,"column":30}},"14":{"start":{"line":20,"column":8},"end":{"line":20,"column":27}},"15":{"start":{"line":21,"column":8},"end":{"line":24,"column":16}},"16":{"start":{"line":22,"column":10},"end":{"line":22,"column":76}},"17":{"start":{"line":22,"column":32},"end":{"line":22,"column":73}},"18":{"start":{"line":23,"column":10},"end":{"line":23,"column":30}},"19":{"start":{"line":27,"column":23},"end":{"line":27,"column":77}},"20":{"start":{"line":27,"column":32},"end":{"line":27,"column":77}},"21":{"start":{"line":30,"column":4},"end":{"line":58,"column":5}}},"fnMap":{"0":{"name":"(anonymous_0)","decl":{"start":{"line":5,"column":20},"end":{"line":5,"column":21}},"loc":{"start":{"line":5,"column":30},"end":{"line":59,"column":1}},"line":5},"1":{"name":"(anonymous_1)","decl":{"start":{"line":10,"column":24},"end":{"line":10,"column":25}},"loc":{"start":{"line":10,"column":30},"end":{"line":17,"column":7}},"line":10},"2":{"name":"(anonymous_2)","decl":{"start":{"line":13,"column":19},"end":{"line":13,"column":20}},"loc":{"start":{"line":13,"column":25},"end":{"line":16,"column":9}},"line":13},"3":{"name":"(anonymous_3)","decl":{"start":{"line":14,"column":21},"end":{"line":14,"column":22}},"loc":{"start":{"line":14,"column":32},"end":{"line":14,"column":73}},"line":14},"4":{"name":"(anonymous_4)","decl":{"start":{"line":18,"column":24},"end":{"line":18,"column":25}},"loc":{"start":{"line":18,"column":30},"end":{"line":25,"column":7}},"line":18},"5":{"name":"(anonymous_5)","decl":{"start":{"line":21,"column":19},"end":{"line":21,"column":20}},"loc":{"start":{"line":21,"column":25},"end":{"line":24,"column":9}},"line":21},"6":{"name":"(anonymous_6)","decl":{"start":{"line":22,"column":21},"end":{"line":22,"column":22}},"loc":{"start":{"line":22,"column":32},"end":{"line":22,"column":73}},"line":22},"7":{"name":"(anonymous_7)","decl":{"start":{"line":27,"column":23},"end":{"line":27,"column":24}},"loc":{"start":{"line":27,"column":32},"end":{"line":27,"column":77}},"line":27}},"branchMap":{"0":{"loc":{"start":{"line":14,"column":32},"end":{"line":14,"column":73}},"type":"cond-expr","locations":[{"start":{"line":14,"column":45},"end":{"line":14,"column":62}},{"start":{"line":14,"column":65},"end":{"line":14,"column":73}}],"line":14},"1":{"loc":{"start":{"line":22,"column":32},"end":{"line":22,"column":73}},"type":"cond-expr","locations":[{"start":{"line":22,"column":61},"end":{"line":22,"column":62}},{"start":{"line":22,"column":65},"end":{"line":22,"column":73}}],"line":22},"2":{"loc":{"start":{"line":41,"column":44},"end":{"line":41,"column":125}},"type":"cond-expr","locations":[{"start":{"line":41,"column":57},"end":{"line":41,"column":119}},{"start":{"line":41,"column":123},"end":{"line":41,"column":125}}],"line":41},"3":{"loc":{"start":{"line":41,"column":57},"end":{"line":41,"column":119}},"type":"cond-expr","locations":[{"start":{"line":41,"column":81},"end":{"line":41,"column":99}},{"start":{"line":41,"column":102},"end":{"line":41,"column":119}}],"line":41}},"s":{"0":0,"1":0,"2":0,"3":0,"4":0,"5":0,"6":0,"7":0,"8":0,"9":0,"10":0,"11":0,"12":0,"13":0,"14":0,"15":0,"16":0,"17":0,"18":0,"19":0,"20":0,"21":0},"f":{"0":0,"1":0,"2":0,"3":0,"4":0,"5":0,"6":0,"7":0},"b":{"0":[0,0],"1":[0,0],"2":[0,0],"3":[0,0]}}
,"C:\\Users\\gitfo\\Desktop\\movie-reservation project\\movie-reservation\\frontend\\src\\components\\notification\\AuthNotice.jsx": {"path":"C:\\Users\\gitfo\\Desktop\\movie-reservation project\\movie-reservation\\frontend\\src\\components\\notification\\AuthNotice.jsx","statementMap":{"0":{"start":{"line":4,"column":19},"end":{"line":17,"column":1}},"1":{"start":{"line":19,"column":19},"end":{"line":37,"column":1}},"2":{"start":{"line":20,"column":2},"end":{"line":20,"column":36}},"3":{"start":{"line":20,"column":24},"end":{"line":20,"column":36}},"4":{"start":{"line":22,"column":15},"end":{"line":22,"column":36}},"5":{"start":{"line":23,"column":15},"end":{"line":23,"column":50}},"6":{"start":{"line":25,"column":2},"end":{"line":36,"column":4}}},"fnMap":{"0":{"name":"(anonymous_0)","decl":{"start":{"line":19,"column":19},"end":{"line":19,"column":20}},"loc":{"start":{"line":19,"column":44},"end":{"line":37,"column":1}},"line":19}},"branchMap":{"0":{"loc":{"start":{"line":20,"column":2},"end":{"line":20,"column":36}},"type":"if","locations":[{"start":{"line":20,"column":2},"end":{"line":20,"column":36}},{"start":{},"end":{}}],"line":20},"1":{"loc":{"start":{"line":22,"column":15},"end":{"line":22,"column":36}},"type":"binary-expr","locations":[{"start":{"line":22,"column":15},"end":{"line":22,"column":26}},{"start":{"line":22,"column":30},"end":{"line":22,"column":36}}],"line":22},"2":{"loc":{"start":{"line":23,"column":15},"end":{"line":23,"column":50}},"type":"binary-expr","locations":[{"start":{"line":23,"column":15},"end":{"line":23,"column":31}},{"start":{"line":23,"column":35},"end":{"line":23,"column":50}}],"line":23},"3":{"loc":{"start":{"line":29,"column":17},"end":{"line":29,"column":43}},"type":"binary-expr","locations":[{"start":{"line":29,"column":17},"end":{"line":29,"column":29}},{"start":{"line":29,"column":33},"end":{"line":29,"column":43}}],"line":29}},"s":{"0":0,"1":0,"2":0,"3":0,"4":0,"5":0,"6":0},"f":{"0":0},"b":{"0":[0,0],"1":[0,0],"2":[0,0],"3":[0,0]}}
[...]
:51}}],"line":170},"16":{"loc":{"start":{"line":188,"column":6},"end":{"line":190,"column":7}},"type":"if","locations":[{"start":{"line":188,"column":6},"end":{"line":190,"column":7}},{"start":{},"end":{}}],"line":188},"17":{"loc":{"start":{"line":197,"column":6},"end":{"line":200,"column":7}},"type":"if","locations":[{"start":{"line":197,"column":6},"end":{"line":200,"column":7}},{"start":{},"end":{}}],"line":197},"18":{"loc":{"start":{"line":205,"column":3},"end":{"line":218,"column":4}},"type":"if","locations":[{"start":{"line":205,"column":3},"end":{"line":218,"column":4}},{"start":{},"end":{}}],"line":205},"19":{"loc":{"start":{"line":227,"column":21},"end":{"line":247,"column":21}},"type":"binary-expr","locations":[{"start":{"line":227,"column":21},"end":{"line":227,"column":28}},{"start":{"line":228,"column":24},"end":{"line":246,"column":33}}],"line":227},"20":{"loc":{"start":{"line":242,"column":36},"end":{"line":242,"column":71}},"type":"cond-expr","locations":[{"start":{"line":242,"column":46},"end":{"line":242,"column":59}},{"start":{"line":242,"column":62},"end":{"line":242,"column":71}}],"line":242},"21":{"loc":{"start":{"line":245,"column":29},"end":{"line":245,"column":64}},"type":"cond-expr","locations":[{"start":{"line":245,"column":39},"end":{"line":245,"column":51}},{"start":{"line":245,"column":54},"end":{"line":245,"column":64}}],"line":245}},"s":{"0":0,"1":0,"2":0,"3":0,"4":0,"5":0,"6":0,"7":0,"8":0,"9":0,"10":0,"11":0,"12":0,"13":0,"14":0,"15":0,"16":0,"17":0,"18":0,"19":0,"20":0,"21":0,"22":0,"23":0,"24":0,"25":0,"26":0,"27":0,"28":0,"29":0,"30":0,"31":0,"32":0,"33":0,"34":0,"35":0,"36":0,"37":0,"38":0,"39":0,"40":0,"41":0,"42":0,"43":0,"44":0,"45":0,"46":0,"47":0,"48":0,"49":0,"50":0,"51":0,"52":0,"53":0,"54":0,"55":0,"56":0,"57":0,"58":0,"59":0,"60":0,"61":0,"62":0,"63":0,"64":0,"65":0,"66":0,"67":0,"68":0,"69":0,"70":0,"71":0,"72":0,"73":0,"74":0,"75":0,"76":0,"77":0,"78":0,"79":0,"80":0},"f":{"0":0,"1":0,"2":0,"3":0,"4":0,"5":0,"6":0,"7":0,"8":0,"9":0,"10":0,"11":0,"12":0,"13":0,"14":0,"15":0,"16":0,"17":0,"18":0,"19":0,"20":0},"b":{"0":[0,0],"1":[0,0],"2":[0,0],"3":[0,0],"4":[0,0,0],"5":[0,0],"6":[0,0],"7":[0,0],"8":[0,0],"9":[0,0],"10":[0,0],"11":[0,0],"12":[0,0],"13":[0,0],"14":[0,0],"15":[0,0],"16":[0,0],"17":[0,0],"18":[0,0],"19":[0,0],"20":[0,0],"21":[0,0]}}
,"C:\\Users\\gitfo\\Desktop\\movie-reservation project\\movie-reservation\\frontend\\src\\pages\\pricing\\pricing.jsx": {"path":"C:\\Users\\gitfo\\Desktop\\movie-reservation project\\movie-reservation\\frontend\\src\\pages\\pricing\\pricing.jsx","statementMap":{"0":{"start":{"line":6,"column":40},"end":{"line":6,"column":54}},"1":{"start":{"line":7,"column":20},"end":{"line":7,"column":33}},"2":{"start":{"line":8,"column":4},"end":{"line":10,"column":24}},"3":{"start":{"line":9,"column":8},"end":{"line":9,"column":61}},"4":{"start":{"line":11,"column":20},"end":{"line":17,"column":3}},"5":{"start":{"line":19,"column":17},"end":{"line":26,"column":3}},"6":{"start":{"line":28,"column":18},"end":{"line":34,"column":3}},"7":{"start":{"line":36,"column":17},"end":{"line":43,"column":3}},"8":{"start":{"line":45,"column":17},"end":{"line":79,"column":3}},"9":{"start":{"line":81,"column":23},"end":{"line":87,"column":3}},"10":{"start":{"line":82,"column":4},"end":{"line":82,"column":64}},"11":{"start":{"line":82,"column":37},"end":{"line":82,"column":64}},"12":{"start":{"line":83,"column":4},"end":{"line":83,"column":64}},"13":{"start":{"line":83,"column":37},"end":{"line":83,"column":64}},"14":{"start":{"line":84,"column":4},"end":{"line":84,"column":61}},"15":{"start":{"line":84,"column":35},"end":{"line":84,"column":61}},"16":{"start":{"line":85,"column":4},"end":{"line":85,"column":58}},"17":{"start":{"line":85,"column":34},"end":{"line":85,"column":58}},"18":{"start":{"line":86,"column":4},"end":{"line":86,"column":14}},"19":{"start":{"line":89,"column":20},"end":{"line":116,"column":3}},"20":{"start":{"line":90,"column":4},"end":{"line":115,"column":10}},"21":{"start":{"line":94,"column":10},"end":{"line":112,"column":16}},"22":{"start":{"line":99,"column":32},"end":{"line":99,"column":67}},"23":{"start":{"line":100,"column":32},"end":{"line":100,"column":52}},"24":{"start":{"line":118,"column":2},"end":{"line":222,"column":4}},"25":{"start":{"line":170,"column":14},"end":{"line":188,"column":20}}},"fnMap":{"0":{"name":"MovieTheaterPricing","decl":{"start":{"line":5,"column":24},"end":{"line":5,"column":43}},"loc":{"start":{"line":5,"column":46},"end":{"line":223,"column":1}},"line":5},"1":{"name":"(anonymous_1)","decl":{"start":{"line":8,"column":14},"end":{"line":8,"column":15}},"loc":{"start":{"line":8,"column":20},"end":{"line":10,"column":5}},"line":8},"2":{"name":"(anonymous_2)","decl":{"start":{"line":81,"column":23},"end":{"line":81,"column":24}},"loc":{"start":{"line":81,"column":34},"end":{"line":87,"column":3}},"line":81},"3":{"name":"(anonymous_3)","decl":{"start":{"line":89,"column":20},"end":{"line":89,"column":21}},"loc":{"start":{"line":90,"column":4},"end":{"line":115,"column":10}},"line":90},"4":{"name":"(anonymous_4)","decl":{"start":{"line":93,"column":19},"end":{"line":93,"column":20}},"loc":{"start":{"line":94,"column":10},"end":{"line":112,"column":16}},"line":94},"5":{"name":"(anonymous_5)","decl":{"start":{"line":99,"column":26},"end":{"line":99,"column":27}},"loc":{"start":{"line":99,"column":32},"end":{"line":99,"column":67}},"line":99},"6":{"name":"(anonymous_6)","decl":{"start":{"line":100,"column":26},"end":{"line":100,"column":27}},"loc":{"start":{"line":100,"column":32},"end":{"line":100,"column":52}},"line":100},"7":{"name":"(anonymous_7)","decl":{"start":{"line":169,"column":24},"end":{"line":169,"column":25}},"loc":{"start":{"line":170,"column":14},"end":{"line":188,"column":20}},"line":170}},"branchMap":{"0":{"loc":{"start":{"line":82,"column":4},"end":{"line":82,"column":64}},"type":"if","locations":[{"start":{"line":82,"column":4},"end":{"line":82,"column":64}},{"start":{},"end":{}}],"line":82},"1":{"loc":{"start":{"line":83,"column":4},"end":{"line":83,"column":64}},"type":"if","locations":[{"start":{"line":83,"column":4},"end":{"line":83,"column":64}},{"start":{},"end":{}}],"line":83},"2":{"loc":{"start":{"line":84,"column":4},"end":{"line":84,"column":61}},"type":"if","locations":[{"start":{"line":84,"column":4},"end":{"line":84,"column":61}},{"start":{},"end":{}}],"line":84},"3":{"loc":{"start":{"line":85,"column":4},"end":{"line":85,"column":58}},"type":"if","locations":[{"start":{"line":85,"column":4},"end":{"line":85,"column":58}},{"start":{},"end":{}}],"line":85},"4":{"loc":{"start":{"line":97,"column":14},"end":{"line":97,"column":52}},"type":"cond-expr","locations":[{"start":{"line":97,"column":29},"end":{"line":97,"column":47}},{"start":{"line":97,"column":50},"end":{"line":97,"column":52}}],"line":97},"5":{"loc":{"start":{"line":102,"column":13},"end":{"line":104,"column":13}},"type":"binary-expr","locations":[{"start":{"line":102,"column":13},"end":{"line":102,"column":25}},{"start":{"line":103,"column":14},"end":{"line":103,"column":64}}],"line":102},"6":{"loc":{"start":{"line":108,"column":51},"end":{"line":108,"column":73}},"type":"binary-expr","locations":[{"start":{"line":108,"column":51},"end":{"line":108,"column":60}},{"start":{"line":108,"column":64},"end":{"line":108,"column":73}}],"line":108},"7":{"loc":{"start":{"line":173,"column":18},"end":{"line":173,"column":58}},"type":"cond-expr","locations":[{"start":{"line":173,"column":34},"end":{"line":173,"column":53}},{"start":{"line":173,"column":56},"end":{"line":173,"column":58}}],"line":173},"8":{"loc":{"start":{"line":176,"column":17},"end":{"line":178,"column":17}},"type":"binary-expr","locations":[{"start":{"line":176,"column":17},"end":{"line":176,"column":30}},{"start":{"line":177,"column":18},"end":{"line":177,"column":77}}],"line":176}},"s":{"0":0,"1":0,"2":0,"3":0,"4":0,"5":0,"6":0,"7":0,"8":0,"9":0,"10":0,"11":0,"12":0,"13":0,"14":0,"15":0,"16":0,"17":0,"18":0,"19":0,"20":0,"21":0,"22":0,"23":0,"24":0,"25":0},"f":{"0":0,"1":0,"2":0,"3":0,"4":0,"5":0,"6":0,"7":0},"b":{"0":[0,0],"1":[0,0],"2":[0,0],"3":[0,0],"4":[0,0],"5":[0,0],"6":[0,0],"7":[0,0],"8":[0,0]}}
,"C:\\Users\\gitfo\\Desktop\\movie-reservation project\\movie-reservation\\frontend\\src\\pages\\terms_and_privacy\\terms.jsx": {"path":"C:\\Users\\gitfo\\Desktop\\movie-reservation project\\movie-reservation\\frontend\\src\\pages\\terms_and_privacy\\terms.jsx","statementMap":{"0":{"start":{"line":6,"column":14},"end":{"line":66,"column":1}},"1":{"start":{"line":7,"column":22},"end":{"line":7,"column":35}},"2":{"start":{"line":8,"column":4},"end":{"line":10,"column":24}},"3":{"start":{"line":9,"column":8},"end":{"line":9,"column":61}},"4":{"start":{"line":11,"column":2},"end":{"line":65,"column":6}}},"fnMap":{"0":{"name":"(anonymous_0)","decl":{"start":{"line":6,"column":14},"end":{"line":6,"column":15}},"loc":{"start":{"line":6,"column":20},"end":{"line":66,"column":1}},"line":6},"1":{"name":"(anonymous_1)","decl":{"start":{"line":8,"column":14},"end":{"line":8,"column":15}},"loc":{"start":{"line":8,"column":20},"end":{"line":10,"column":5}},"line":8}},"branchMap":{},"s":{"0":0,"1":0,"2":0,"3":0,"4":0},"f":{"0":0,"1":0},"b":{}}
,"C:\\Users\\gitfo\\Desktop\\movie-reservation project\\movie-reservation\\frontend\\src\\utils\\jwtDecoder.js": {"path":"C:\\Users\\gitfo\\Desktop\\movie-reservation project\\movie-reservation\\frontend\\src\\utils\\jwtDecoder.js","statementMap":{"0":{"start":{"line":2,"column":25},"end":{"line":20,"column":1}},"1":{"start":{"line":3,"column":2},"end":{"line":19,"column":3}},"2":{"start":{"line":4,"column":4},"end":{"line":4,"column":28}},"3":{"start":{"line":4,"column":16},"end":{"line":4,"column":28}},"4":{"start":{"line":6,"column":18},"end":{"line":6,"column":34}},"5":{"start":{"line":7,"column":4},"end":{"line":7,"column":40}},"6":{"start":{"line":7,"column":28},"end":{"line":7,"column":40}},"7":{"start":{"line":9,"column":20},"end":{"line":9,"column":28}},"8":{"start":{"line":11,"column":26},"end":{"line":11,"column":76}},"9":{"start":{"line":13,"column":27},"end":{"line":13,"column":58}},"10":{"start":{"line":15,"column":4},"end":{"line":15,"column":26}},"11":{"start":{"line":17,"column":4},"end":{"line":17,"column":48}},"12":{"start":{"line":18,"column":4},"end":{"line":18,"column":16}},"13":{"start":{"line":22,"column":32},"end":{"line":50,"column":1}},"14":{"start":{"line":23,"column":2},"end":{"line":49,"column":3}},"15":{"start":{"line":24,"column":18},"end":{"line":24,"column":47}},"16":{"start":{"line":25,"column":4},"end":{"line":25,"column":28}},"17":{"start":{"line":25,"column":16},"end":{"line":25,"column":28}},"18":{"start":{"line":27,"column":20},"end":{"line":27,"column":36}},"19":{"start":{"line":28,"column":4},"end":{"line":28,"column":30}},"20":{"start":{"line":28,"column":18},"end":{"line":28,"column":30}},"21":{"start":{"line":31,"column":4},"end":{"line":35,"column":5}},"22":{"start":{"line":32,"column":6},"end":{"line":32,"column":44}},"23":{"start":{"line":33,"column":6},"end":{"line":33,"column":39}},"24":{"start":{"line":34,"column":6},"end":{"line":34,"column":18}},"25":{"start":{"line":36,"column":4},"end":{"line":36,"column":41}},"26":{"start":{"line":37,"column":4},"end":{"line":45,"column":6}},"27":{"start":{"line":47,"column":4},"end":{"line":47,"column":59}},"28":{"start":{"line":48,"column":4},"end":{"line":48,"column":16}},"29":{"start":{"line":56,"column":31},"end":{"line":59,"column":1}},"30":{"start":{"line":57,"column":15},"end":{"line":57,"column":33}},"31":{"start":{"line":58,"column":2},"end":{"line":58,"column":23}},"32":{"start":{"line":65,"column":34},"end":{"line":78,"column":1}},"33":{"start":{"line":66,"column":2},"end":{"line":77,"column":3}},"34":{"start":{"line":67,"column":18},"end":{"line":67,"column":47}},"35":{"start":{"line":68,"column":4},"end":{"line":68,"column":28}},"36":{"start":{"line":68,"column":16},"end":{"line":68,"column":28}},"37":{"start":{"line":70,"column":20},"end":{"line":70,"column":36}},"38":{"start":{"line":71,"column":4},"end":{"line":71,"column":46}},"39":{"start":{"line":71,"column":34},"end":{"line":71,"column":46}},"40":{"start":{"line":73,"column":4},"end":{"line":73,"column":40}},"41":{"start":{"line":75,"column":4},"end":{"line":75,"column":60}},"42":{"start":{"line":76,"column":4},"end":{"line":76,"column":16}},"43":{"start":{"line":84,"column":35},"end":{"line":95,"column":1}},"44":{"start":{"line":85,"column":2},"end":{"line":94,"column":3}},"45":{"start":{"line":86,"column":23},"end":{"line":86,"column":43}},"46":{"start":{"line":87,"column":4},"end":{"line":87,"column":34}},"47":{"start":{"line":87,"column":21},"end":{"line":87,"column":34}},"48":{"start":{"line":89,"column":27},"end":{"line":89,"column":64}},"49":{"start":{"line":90,"column":4},"end":{"line":90,"column":39}},"50":{"start":{"line":92,"column":4},"end":{"line":92,"column":61}},"51":{"start":{"line":93,"column":4},"end":{"line":93,"column":17}}},"fnMap":{"0":{"name":"(anonymous_0)","decl":{"start":{"line":2,"column":25},"end":{"line":2,"column":26}},"loc":{"start":{"line":2,"column":36},"end":{"line":20,"column":1}},"line":2},"1":{"name":"(anonymous_1)","decl":{"start":{"line":22,"column":32},"end":{"line":22,"column":33}},"loc":{"start":{"line":22,"column":38},"end":{"line":50,"column":1}},"line":22},"2":{"name":"(anonymous_2)","decl":{"start":{"line":56,"column":31},"end":{"line":56,"column":32}},"loc":{"start":{"line":56,"column":37},"end":{"line":59,"column":1}},"line":56},"3":{"name":"(anonymous_3)","decl":{"start":{"line":65,"column":34},"end":{"line":65,"column":35}},"loc":{"start":{"line":65,"column":40},"end":{"line":78,"column":1}},"line":65},"4":{"name":"(anonymous_4)","decl":{"start":{"line":84,"column":35},"end":{"line":84,"column":36}},"loc":{"start":{"line":84,"column":41},"end":{"line":95,"column":1}},"line":84}},"branchMap":{"0":{"loc":{"start":{"line":4,"column":4},"end":{"line":4,"column":28}},"type":"if","locations":[{"start":{"line":4,"column":4},"end":{"line":4,"column":28}},{"start":{},"end":{}}],"line":4},"1":{"loc":{"start":{"line":7,"column":4},"end":{"line":7,"column":40}},"type":"if","locations":[{"start":{"line":7,"column":4},"end":{"line":7,"column":40}},{"start":{},"end":{}}],"line":7},"2":{"loc":{"start":{"line":25,"column":4},"end":{"line":25,"column":28}},"type":"if","locations":[{"start":{"line":25,"column":4},"end":{"line":25,"column":28}},{"start":{},"end":{}}],"line":25},"3":{"loc":{"start":{"line":28,"column":4},"end":{"line":28,"column":30}},"type":"if","locations":[{"start":{"line":28,"column":4},"end":{"line":28,"column":30}},{"start":{},"end":{}}],"line":28},"4":{"loc":{"start":{"line":31,"column":4},"end":{"line":35,"column":5}},"type":"if","locations":[{"start":{"line":31,"column":4},"end":{"line":35,"column":5}},{"start":{},"end":{}}],"line":31},"5":{"loc":{"start":{"line":31,"column":8},"end":{"line":31,"column":54}},"type":"binary-expr","locations":[{"start":{"line":31,"column":8},"end":{"line":31,"column":19}},{"start":{"line":31,"column":23},"end":{"line":31,"column":54}}],"line":31},"6":{"loc":{"start":{"line":38,"column":10},"end":{"line":38,"column":53}},"type":"binary-expr","locations":[{"start":{"line":38,"column":10},"end":{"line":38,"column":20}},{"start":{"line":38,"column":24},"end":{"line":38,"column":38}},{"start":{"line":38,"column":42},"end":{"line":38,"column":53}}],"line":38},"7":{"loc":{"start":{"line":39,"column":12},"end":{"line":39,"column":67}},"type":"binary-expr","locations":[{"start":{"line":39,"column":12},"end":{"line":39,"column":24}},{"start":{"line":39,"column":28},"end":{"line":39,"column":44}},{"start":{"line":39,"column":48},"end":{"line":39,"column":67}}],"line":39},"8":{"loc":{"start":{"line":41,"column":14},"end":{"line":41,"column":47}},"type":"binary-expr","locations":[{"start":{"line":41,"column":14},"end":{"line":41,"column":28}},{"start":{"line":41,"column":32},"end":{"line":41,"column":47}}],"line":41},"9":{"loc":{"start":{"line":43,"column":19},"end":{"line":43,"column":59}},"type":"binary-expr","locations":[{"start":{"line":43,"column":19},"end":{"line":43,"column":38}},{"start":{"line":43,"column":42},"end":{"line":43,"column":59}}],"line":43},"10":{"loc":{"start":{"line":68,"column":4},"end":{"line":68,"column":28}},"type":"if","locations":[{"start":{"line":68,"column":4},"end":{"line":68,"column":28}},{"start":{},"end":{}}],"line":68},"11":{"loc":{"start":{"line":71,"column":4},"end":{"line":71,"column":46}},"type":"if","locations":[{"start":{"line":71,"column":4},"end":{"line":71,"column":46}},{"start":{},"end":{}}],"line":71},"12":{"loc":{"start":{"line":71,"column":8},"end":{"line":71,"column":32}},"type":"binary-expr","locations":[{"start":{"line":71,"column":8},"end":{"line":71,"column":16}},{"start":{"line":71,"column":20},"end":{"line":71,"column":32}}],"line":71},"13":{"loc":{"start":{"line":87,"column":4},"end":{"line":87,"column":34}},"type":"if","locations":[{"start":{"line":87,"column":4},"end":{"line":87,"column":34}},{"start":{},"end":{}}],"line":87}},"s":{"0":2,"1":9,"2":9,"3":2,"4":7,"5":7,"6":1,"7":6,"8":6,"9":6,"10":6,"11":0,"12":0,"13":2,"14":4,"15":4,"16":4,"17":1,"18":3,"19":3,"20":0,"21":3,"22":1,"23":1,"24":1,"25":2,"26":2,"27":0,"28":0,"29":2,"30":2,"31":2,"32":2,"33":2,"34":2,"35":2,"36":0,"37":2,"38":2,"39":0,"40":2,"41":0,"42":0,"43":2,"44":1,"45":1,"46":1,"47":0,"48":1,"49":1,"50":0,"51":0},"f":{"0":9,"1":4,"2":2,"3":2,"4":1},"b":{"0":[2,7],"1":[1,6],"2":[1,3],"3":[0,3],"4":[1,2],"5":[3,3],"6":[2,2,0],"7":[2,2,0],"8":[2,2],"9":[2,2],"10":[0,2],"11":[0,2],"12":[2,2],"13":[0,1]},"_coverageSchema":"1a1c01bbd47fc00a2c39e90264f33305004495a9","hash":"d7d5630c56fb8657c05dc8ac435cbd882e81942a"}
,"C:\\Users\\gitfo\\Desktop\\movie-reservation project\\movie-reservation\\frontend\\src\\utils\\userIcon.js": {"path":"C:\\Users\\gitfo\\Desktop\\movie-reservation project\\movie-reservation\\frontend\\src\\utils\\userIcon.js","statementMap":{"0":{"start":{"line":1,"column":37},"end":{"line":1,"column":47}},"1":{"start":{"line":2,"column":38},"end":{"line":2,"column":56}},"2":{"start":{"line":4,"column":33},"end":{"line":11,"column":1}},"3":{"start":{"line":13,"column":33},"end":{"line":16,"column":1}},"4":{"start":{"line":14,"column":2},"end":{"line":14,"column":54}},"5":{"start":{"line":14,"column":37},"end":{"line":14,"column":54}},"6":{"start":{"line":15,"column":2},"end":{"line":15,"column":73}},"7":{"start":{"line":18,"column":33},"end":{"line":22,"column":1}},"8":{"start":{"line":19,"column":2},"end":{"line":19,"column":44}},"9":{"start":{"line":19,"column":37},"end":{"line":19,"column":44}},"10":{"start":{"line":20,"column":2},"end":{"line":20,"column":61}},"11":{"start":{"line":21,"column":2},"end":{"line":21,"column":84}}},"fnMap":{"0":{"name":"(anonymous_0)","decl":{"start":{"line":13,"column":33},"end":{"line":13,"column":34}},"loc":{"start":{"line":13,"column":39},"end":{"line":16,"column":1}},"line":13},"1":{"name":"(anonymous_1)","decl":{"start":{"line":18,"column":33},"end":{"line":18,"column":34}},"loc":{"start":{"line":18,"column":45},"end":{"line":22,"column":1}},"line":18}},"branchMap":{"0":{"loc":{"start":{"line":14,"column":2},"end":{"line":14,"column":54}},"type":"if","locations":[{"start":{"line":14,"column":2},"end":{"line":14,"column":54}},{"start":{},"end":{}}],"line":14},"1":{"loc":{"start":{"line":15,"column":9},"end":{"line":15,"column":72}},"type":"binary-expr","locations":[{"start":{"line":15,"column":9},"end":{"line":15,"column":59}},{"start":{"line":15,"column":63},"end":{"line":15,"column":72}}],"line":15},"2":{"loc":{"start":{"line":19,"column":2},"end":{"line":19,"column":44}},"type":"if","locations":[{"start":{"line":19,"column":2},"end":{"line":19,"column":44}},{"start":{},"end":{}}],"line":19}},"s":{"0":0,"1":0,"2":0,"3":0,"4":0,"5":0,"6":0,"7":0,"8":0,"9":0,"10":0,"11":0},"f":{"0":0,"1":0},"b":{"0":[0,0],"1":[0,0],"2":[0,0]}}
}
