TN:
SF:src\appStyles.js
FNF:0
FNH:0
LF:0
LH:0
BRF:0
BRH:0
end_of_record
TN:
SF:src\index.js
FN:14,(anonymous_0)
FN:15,(anonymous_1)
FN:16,(anonymous_2)
FN:17,(anonymous_3)
FN:18,(anonymous_4)
FN:19,(anonymous_5)
FN:20,(anonymous_6)
FN:21,(anonymous_7)
FN:22,(anonymous_8)
FN:23,(anonymous_9)
FN:24,(anonymous_10)
FN:26,(anonymous_11)
FN:32,(anonymous_12)
FNF:13
FNH:0
FNDA:0,(anonymous_0)
FNDA:0,(anonymous_1)
FNDA:0,(anonymous_2)
FNDA:0,(anonymous_3)
FNDA:0,(anonymous_4)
FNDA:0,(anonymous_5)
FNDA:0,(anonymous_6)
FNDA:0,(anonymous_7)
FNDA:0,(anonymous_8)
FNDA:0,(anonymous_9)
FNDA:0,(anonymous_10)
FNDA:0,(anonymous_11)
FNDA:0,(anonymous_12)
DA:12,0
DA:14,0
DA:15,0
DA:16,0
DA:17,0
DA:18,0
DA:19,0
DA:20,0
DA:21,0
DA:22,0
DA:23,0
DA:24,0
DA:26,0
DA:27,0
DA:32,0
DA:33,0
DA:34,0
DA:37,0
DA:47,0
DA:62,0
DA:64,0
DA:73,0
LF:22
LH:0
BRDA:32,0,0,0
BRDA:33,1,0,0
BRDA:33,1,1,0
BRF:3
BRH:0
end_of_record
TN:
SF:src\reportWebVitals.js
FN:1,(anonymous_0)
FN:3,(anonymous_1)
FNF:2
FNH:0
FNDA:0,(anonymous_0)
FNDA:0,(anonymous_1)
DA:1,0
DA:2,0
DA:3,0
DA:4,0
DA:5,0
DA:6,0
DA:7,0
DA:8,0
LF:8
LH:0
BRDA:2,0,0,0
BRDA:2,0,1,0
BRDA:2,1,0,0
BRDA:2,1,1,0
BRF:4
BRH:0
end_of_record
TN:
SF:src\components\Hero_Section\HeroSection.jsx
FN:65,HeroSection
FN:67,(anonymous_1)
FN:68,(anonymous_2)
FN:69,(anonymous_3)
FN:71,(anonymous_4)
FN:78,(anonymous_5)
FN:115,(anonymous_6)
FN:119,(anonymous_7)
FNF:8
FNH:0
FNDA:0,HeroSection
FNDA:0,(anonymous_1)
FNDA:0,(anonymous_2)
FNDA:0,(anonymous_3)
FNDA:0,(anonymous_4)
FNDA:0,(anonymous_5)
FNDA:0,(anonymous_6)
FNDA:0,(anonymous_7)
DA:8,0
DA:66,0
DA:67,0
DA:68,0
DA:69,0
DA:71,0
DA:74,0
DA:79,0
DA:116,0
DA:119,0
LF:10
LH:0
BRDA:79,0,0,0
BRDA:79,0,1,0
BRDA:118,1,0,0
BRDA:118,1,1,0
BRF:4
BRH:0
end_of_record
TN:
SF:src\components\LoggedIn\LoggedIn.jsx
FN:9,(anonymous_0)
FN:10,(anonymous_1)
FN:11,(anonymous_2)
FN:17,(anonymous_3)
FN:23,(anonymous_4)
FN:32,(anonymous_5)
FN:34,(anonymous_6)
FN:41,(anonymous_7)
FN:42,(anonymous_8)
FN:46,(anonymous_9)
FN:52,(anonymous_10)
FN:63,(anonymous_11)
FN:67,(anonymous_12)
FNF:13
FNH:0
FNDA:0,(anonymous_0)
FNDA:0,(anonymous_1)
FNDA:0,(anonymous_2)
FNDA:0,(anonymous_3)
FNDA:0,(anonymous_4)
FNDA:0,(anonymous_5)
FNDA:0,(anonymous_6)
FNDA:0,(anonymous_7)
FNDA:0,(anonymous_8)
FNDA:0,(anonymous_9)
FNDA:0,(anonymous_10)
FNDA:0,(anonymous_11)
FNDA:0,(anonymous_12)
DA:9,0
DA:10,0
DA:11,0
DA:12,0
DA:13,0
DA:16,0
DA:17,0
DA:18,0
DA:23,0
DA:24,0
DA:25,0
DA:26,0
DA:27,0
DA:29,0
DA:30,0
DA:32,0
DA:34,0
DA:35,0
DA:36,0
DA:37,0
DA:41,0
DA:42,0
DA:43,0
DA:44,0
DA:46,0
DA:47,0
DA:48,0
DA:52,0
DA:53,0
DA:54,0
DA:55,0
DA:60,0
DA:63,0
DA:64,0
DA:67,0
DA:68,0
DA:69,0
DA:70,0
DA:71,0
DA:72,0
DA:73,0
DA:76,0
LF:42
LH:0
BRDA:12,0,0,0
BRDA:12,0,1,0
BRDA:12,1,0,0
BRDA:12,1,1,0
BRDA:36,2,0,0
BRDA:36,2,1,0
BRDA:53,3,0,0
BRDA:53,3,1,0
BRDA:64,4,0,0
BRDA:64,4,1,0
BRDA:68,5,0,0
BRDA:68,5,1,0
BRDA:69,6,0,0
BRDA:69,6,1,0
BRDA:70,7,0,0
BRDA:70,7,1,0
BRDA:71,8,0,0
BRDA:71,8,1,0
BRDA:72,9,0,0
BRDA:72,9,1,0
BRDA:73,10,0,0
BRDA:73,10,1,0
BRDA:90,11,0,0
BRDA:90,11,1,0
BRF:24
BRH:0
end_of_record
TN:
SF:src\components\comments\CommentsSection.jsx
FN:10,(anonymous_0)
FN:24,(anonymous_1)
FN:26,(anonymous_2)
FN:36,(anonymous_3)
FN:39,(anonymous_4)
FN:41,(anonymous_5)
FN:56,(anonymous_6)
FN:60,(anonymous_7)
FN:77,(anonymous_8)
FN:86,(anonymous_9)
FN:92,(anonymous_10)
FN:97,(anonymous_11)
FN:112,(anonymous_12)
FN:112,(anonymous_13)
FN:121,(anonymous_14)
FN:128,(anonymous_15)
FN:128,(anonymous_16)
FN:152,(anonymous_17)
FN:181,(anonymous_18)
FN:201,(anonymous_19)
FN:205,(anonymous_20)
FN:222,(anonymous_21)
FN:225,(anonymous_22)
FNF:23
FNH:0
FNDA:0,(anonymous_0)
FNDA:0,(anonymous_1)
FNDA:0,(anonymous_2)
FNDA:0,(anonymous_3)
FNDA:0,(anonymous_4)
FNDA:0,(anonymous_5)
FNDA:0,(anonymous_6)
FNDA:0,(anonymous_7)
FNDA:0,(anonymous_8)
FNDA:0,(anonymous_9)
FNDA:0,(anonymous_10)
FNDA:0,(anonymous_11)
FNDA:0,(anonymous_12)
FNDA:0,(anonymous_13)
FNDA:0,(anonymous_14)
FNDA:0,(anonymous_15)
FNDA:0,(anonymous_16)
FNDA:0,(anonymous_17)
FNDA:0,(anonymous_18)
FNDA:0,(anonymous_19)
FNDA:0,(anonymous_20)
FNDA:0,(anonymous_21)
FNDA:0,(anonymous_22)
DA:8,0
DA:10,0
DA:11,0
DA:12,0
DA:13,0
DA:15,0
DA:24,0
DA:26,0
DA:27,0
DA:28,0
DA:29,0
DA:30,0
DA:31,0
DA:32,0
DA:33,0
DA:35,0
DA:36,0
DA:37,0
DA:39,0
DA:41,0
DA:42,0
DA:44,0
DA:45,0
DA:46,0
DA:47,0
DA:48,0
DA:50,0
DA:52,0
DA:56,0
DA:57,0
DA:60,0
DA:61,0
DA:63,0
DA:64,0
DA:65,0
DA:66,0
DA:69,0
DA:70,0
DA:71,0
DA:72,0
DA:77,0
DA:78,0
DA:80,0
DA:82,0
DA:86,0
DA:87,0
DA:88,0
DA:89,0
DA:92,0
DA:93,0
DA:94,0
DA:97,0
DA:98,0
DA:99,0
DA:100,0
DA:101,0
DA:104,0
DA:105,0
DA:106,0
DA:107,0
DA:112,0
DA:113,0
DA:115,0
DA:117,0
DA:121,0
DA:122,0
DA:123,0
DA:124,0
DA:125,0
DA:128,0
DA:130,0
DA:132,0
DA:136,0
DA:153,0
DA:154,0
DA:182,0
DA:183,0
DA:184,0
DA:186,0
DA:201,0
DA:205,0
DA:222,0
DA:225,0
LF:83
LH:0
BRDA:11,0,0,0
BRDA:11,0,1,0
BRDA:13,1,0,0
BRDA:13,1,1,0
BRDA:24,2,0,0
BRDA:24,2,1,0
BRDA:35,3,0,0
BRDA:35,3,1,0
BRDA:37,4,0,0
BRDA:37,4,1,0
BRDA:39,5,0,0
BRDA:39,5,1,0
BRDA:42,6,0,0
BRDA:42,6,1,0
BRDA:48,7,0,0
BRDA:48,7,1,0
BRDA:50,8,0,0
BRDA:50,8,1,0
BRDA:64,9,0,0
BRDA:64,9,1,0
BRDA:80,10,0,0
BRDA:80,10,1,0
BRDA:88,11,0,0
BRDA:88,11,1,0
BRDA:99,12,0,0
BRDA:99,12,1,0
BRDA:112,13,0,0
BRDA:112,13,1,0
BRDA:115,14,0,0
BRDA:115,14,1,0
BRDA:130,15,0,0
BRDA:130,15,1,0
BRDA:148,16,0,0
BRDA:148,16,1,0
BRDA:161,17,0,0
BRDA:161,17,1,0
BRDA:173,18,0,0
BRDA:173,18,1,0
BRDA:176,19,0,0
BRDA:176,19,1,0
BRDA:178,20,0,0
BRDA:178,20,1,0
BRDA:183,21,0,0
BRDA:183,21,1,0
BRDA:189,22,0,0
BRDA:189,22,1,0
BRDA:193,23,0,0
BRDA:193,23,1,0
BRDA:197,24,0,0
BRDA:197,24,1,0
BRDA:220,25,0,0
BRDA:220,25,1,0
BRDA:220,26,0,0
BRDA:220,26,1,0
BRF:54
BRH:0
end_of_record
TN:
SF:src\components\custom-select\CustomSelect.jsx
FN:5,(anonymous_0)
FN:19,(anonymous_1)
FN:21,(anonymous_2)
FN:22,(anonymous_3)
FN:29,(anonymous_4)
FN:32,(anonymous_5)
FN:33,(anonymous_6)
FN:38,(anonymous_7)
FN:41,(anonymous_8)
FN:87,(anonymous_9)
FN:87,(anonymous_10)
FN:96,(anonymous_11)
FN:106,(anonymous_12)
FNF:13
FNH:0
FNDA:0,(anonymous_0)
FNDA:0,(anonymous_1)
FNDA:0,(anonymous_2)
FNDA:0,(anonymous_3)
FNDA:0,(anonymous_4)
FNDA:0,(anonymous_5)
FNDA:0,(anonymous_6)
FNDA:0,(anonymous_7)
FNDA:0,(anonymous_8)
FNDA:0,(anonymous_9)
FNDA:0,(anonymous_10)
FNDA:0,(anonymous_11)
FNDA:0,(anonymous_12)
DA:5,0
DA:14,0
DA:15,0
DA:16,0
DA:17,0
DA:18,0
DA:19,0
DA:21,0
DA:22,0
DA:23,0
DA:24,0
DA:28,0
DA:29,0
DA:32,0
DA:33,0
DA:34,0
DA:35,0
DA:38,0
DA:39,0
DA:40,0
DA:41,0
DA:42,0
DA:45,0
DA:46,0
DA:47,0
DA:50,0
DA:51,0
DA:52,0
DA:53,0
DA:54,0
DA:56,0
DA:59,0
DA:60,0
DA:61,0
DA:62,0
DA:63,0
DA:65,0
DA:69,0
DA:87,0
DA:97,0
DA:99,0
DA:107,0
DA:108,0
LF:43
LH:0
BRDA:12,0,0,0
BRDA:17,1,0,0
BRDA:17,1,1,0
BRDA:19,2,0,0
BRDA:19,2,1,0
BRDA:23,3,0,0
BRDA:23,3,1,0
BRDA:23,4,0,0
BRDA:23,4,1,0
BRDA:39,5,0,0
BRDA:39,5,1,0
BRDA:39,6,0,0
BRDA:39,6,1,0
BRDA:45,7,0,0
BRDA:45,7,1,0
BRDA:50,8,0,0
BRDA:50,8,1,0
BRDA:52,9,0,0
BRDA:52,9,1,0
BRDA:59,10,0,0
BRDA:59,10,1,0
BRDA:61,11,0,0
BRDA:61,11,1,0
BRDA:70,12,0,0
BRDA:70,12,1,0
BRDA:71,13,0,0
BRDA:71,13,1,0
BRDA:86,14,0,0
BRDA:86,14,1,0
BRDA:94,15,0,0
BRDA:94,15,1,0
BRDA:95,16,0,0
BRDA:95,16,1,0
BRDA:103,17,0,0
BRDA:103,17,1,0
BRF:35
BRH:0
end_of_record
TN:
SF:src\components\footer\Footer.jsx
FN:4,Footer
FNF:1
FNH:0
FNDA:0,Footer
DA:5,0
LF:1
LH:0
BRF:0
BRH:0
end_of_record
TN:
SF:src\components\header\cineReserve.jsx
FN:3,(anonymous_0)
FN:6,(anonymous_1)
FN:7,(anonymous_2)
FN:9,(anonymous_3)
FNF:4
FNH:0
FNDA:0,(anonymous_0)
FNDA:0,(anonymous_1)
FNDA:0,(anonymous_2)
FNDA:0,(anonymous_3)
DA:3,0
DA:4,0
DA:6,0
DA:7,0
DA:8,0
DA:9,0
DA:12,0
DA:20,0
LF:8
LH:0
BRDA:14,0,0,0
BRDA:14,0,1,0
BRDA:21,1,0,0
BRDA:21,1,1,0
BRF:4
BRH:0
end_of_record
TN:
SF:src\components\header\header.jsx
FN:14,(anonymous_0)
FN:26,(anonymous_1)
FN:28,(anonymous_2)
FN:30,(anonymous_3)
FN:36,(anonymous_4)
FN:44,(anonymous_5)
FN:50,(anonymous_6)
FN:54,(anonymous_7)
FN:55,(anonymous_8)
FN:64,(anonymous_9)
FN:142,(anonymous_10)
FN:183,(anonymous_11)
FN:223,(anonymous_12)
FN:266,(anonymous_13)
FN:281,(anonymous_14)
FNF:15
FNH:0
FNDA:0,(anonymous_0)
FNDA:0,(anonymous_1)
FNDA:0,(anonymous_2)
FNDA:0,(anonymous_3)
FNDA:0,(anonymous_4)
FNDA:0,(anonymous_5)
FNDA:0,(anonymous_6)
FNDA:0,(anonymous_7)
FNDA:0,(anonymous_8)
FNDA:0,(anonymous_9)
FNDA:0,(anonymous_10)
FNDA:0,(anonymous_11)
FNDA:0,(anonymous_12)
FNDA:0,(anonymous_13)
FNDA:0,(anonymous_14)
DA:10,0
DA:11,0
DA:12,0
DA:14,0
DA:15,0
DA:16,0
DA:17,0
DA:19,0
DA:20,0
DA:23,0
DA:24,0
DA:26,0
DA:27,0
DA:28,0
DA:29,0
DA:30,0
DA:31,0
DA:32,0
DA:35,0
DA:36,0
DA:37,0
DA:38,0
DA:39,0
DA:44,0
DA:45,0
DA:46,0
DA:50,0
DA:51,0
DA:52,0
DA:54,0
DA:55,0
DA:56,0
DA:57,0
DA:58,0
DA:59,0
DA:62,0
DA:63,0
DA:64,0
DA:67,0
DA:74,0
DA:89,0
DA:103,0
DA:108,0
DA:143,0
DA:183,0
DA:223,0
DA:267,0
DA:281,0
LF:48
LH:0
BRDA:29,0,0,0
BRDA:29,0,1,0
BRDA:38,1,0,0
BRDA:38,1,1,0
BRDA:57,2,0,0
BRDA:57,2,1,0
BRDA:111,3,0,0
BRDA:111,3,1,0
BRDA:196,4,0,0
BRDA:196,4,1,0
BRDA:210,5,0,0
BRDA:210,5,1,0
BRDA:211,6,0,0
BRDA:211,6,1,0
BRDA:240,7,0,0
BRDA:240,7,1,0
BRDA:246,8,0,0
BRDA:246,8,1,0
BRF:18
BRH:0
end_of_record
TN:
SF:src\components\movies-selection\SkeletonCard.jsx
FN:4,(anonymous_0)
FNF:1
FNH:0
FNDA:0,(anonymous_0)
DA:4,0
DA:5,0
LF:2
LH:0
BRF:0
BRH:0
end_of_record
TN:
SF:src\components\movies-selection\movie-selection.jsx
FN:50,GenreFilter
FN:54,(anonymous_1)
FN:62,(anonymous_2)
FN:66,(anonymous_3)
FN:66,(anonymous_4)
FN:74,(anonymous_5)
FN:76,(anonymous_6)
FN:77,(anonymous_7)
FN:78,(anonymous_8)
FN:103,(anonymous_9)
FN:136,(anonymous_10)
FN:138,(anonymous_11)
FN:145,(anonymous_12)
FN:145,(anonymous_13)
FN:149,(anonymous_14)
FNF:15
FNH:0
FNDA:0,GenreFilter
FNDA:0,(anonymous_1)
FNDA:0,(anonymous_2)
FNDA:0,(anonymous_3)
FNDA:0,(anonymous_4)
FNDA:0,(anonymous_5)
FNDA:0,(anonymous_6)
FNDA:0,(anonymous_7)
FNDA:0,(anonymous_8)
FNDA:0,(anonymous_9)
FNDA:0,(anonymous_10)
FNDA:0,(anonymous_11)
FNDA:0,(anonymous_12)
FNDA:0,(anonymous_13)
FNDA:0,(anonymous_14)
DA:8,0
DA:30,0
DA:41,0
DA:51,0
DA:52,0
DA:54,0
DA:55,0
DA:56,0
DA:60,0
DA:62,0
DA:63,0
DA:64,0
DA:65,0
DA:66,0
DA:69,0
DA:70,0
DA:71,0
DA:74,0
DA:75,0
DA:76,0
DA:77,0
DA:79,0
DA:80,0
DA:81,0
DA:82,0
DA:83,0
DA:84,0
DA:85,0
DA:89,0
DA:103,0
DA:136,0
DA:138,0
DA:145,0
DA:146,0
DA:149,0
LF:35
LH:0
BRDA:51,0,0,0
BRDA:51,0,1,0
BRDA:55,1,0,0
BRDA:55,1,1,0
BRDA:79,2,0,0
BRDA:79,2,1,0
BRDA:80,3,0,0
BRDA:80,3,1,0
BRDA:81,4,0,0
BRDA:81,4,1,0
BRDA:82,5,0,0
BRDA:82,5,1,0
BRDA:83,6,0,0
BRDA:83,6,1,0
BRDA:84,7,0,0
BRDA:84,7,1,0
BRDA:90,8,0,0
BRDA:90,8,1,0
BRDA:108,9,0,0
BRDA:108,9,1,0
BRDA:110,10,0,0
BRDA:110,10,1,0
BRDA:111,11,0,0
BRDA:111,11,1,0
BRDA:113,12,0,0
BRDA:113,12,1,0
BRDA:135,13,0,0
BRDA:135,13,1,0
BRDA:138,14,0,0
BRDA:138,14,1,0
BRDA:138,15,0,0
BRDA:138,15,1,0
BRDA:145,16,0,0
BRDA:145,16,1,0
BRDA:148,17,0,0
BRDA:148,17,1,0
BRDA:150,18,0,0
BRDA:150,18,1,0
BRDA:152,19,0,0
BRDA:152,19,1,0
BRF:40
BRH:0
end_of_record
TN:
SF:src\components\movies-slider\movie-slider.jsx
FN:5,(anonymous_0)
FN:10,(anonymous_1)
FN:13,(anonymous_2)
FN:14,(anonymous_3)
FN:18,(anonymous_4)
FN:21,(anonymous_5)
FN:22,(anonymous_6)
FN:27,(anonymous_7)
FNF:8
FNH:0
FNDA:0,(anonymous_0)
FNDA:0,(anonymous_1)
FNDA:0,(anonymous_2)
FNDA:0,(anonymous_3)
FNDA:0,(anonymous_4)
FNDA:0,(anonymous_5)
FNDA:0,(anonymous_6)
FNDA:0,(anonymous_7)
DA:5,0
DA:6,0
DA:7,0
DA:8,0
DA:9,0
DA:10,0
DA:11,0
DA:12,0
DA:13,0
DA:14,0
DA:15,0
DA:18,0
DA:19,0
DA:20,0
DA:21,0
DA:22,0
DA:23,0
DA:27,0
DA:30,0
LF:19
LH:0
BRDA:14,0,0,0
BRDA:14,0,1,0
BRDA:22,1,0,0
BRDA:22,1,1,0
BRDA:41,2,0,0
BRDA:41,2,1,0
BRDA:41,3,0,0
BRDA:41,3,1,0
BRF:8
BRH:0
end_of_record
TN:
SF:src\components\notification\AuthNotice.jsx
FN:19,(anonymous_0)
FNF:1
FNH:0
FNDA:0,(anonymous_0)
DA:4,0
DA:19,0
DA:20,0
DA:22,0
DA:23,0
DA:25,0
LF:6
LH:0
BRDA:20,0,0,0
BRDA:20,0,1,0
BRDA:22,1,0,0
BRDA:22,1,1,0
BRDA:23,2,0,0
BRDA:23,2,1,0
BRDA:29,3,0,0
BRDA:29,3,1,0
BRF:8
BRH:0
end_of_record
TN:
SF:src\components\spinner\spinner.jsx
FN:4,(anonymous_0)
FNF:1
FNH:0
FNDA:0,(anonymous_0)
DA:4,0
DA:12,0
DA:21,0
LF:3
LH:0
BRDA:5,0,0,0
BRDA:6,1,0,0
BRDA:7,2,0,0
BRDA:8,3,0,0
BRDA:9,4,0,0
BRDA:17,5,0,0
BRDA:17,5,1,0
BRF:7
BRH:0
end_of_record
TN:
SF:src\config\api.js
FN:1,(anonymous_0)
FN:6,(anonymous_1)
FNF:2
FNH:2
FNDA:4,(anonymous_0)
FNDA:3,(anonymous_1)
DA:1,4
DA:2,3
DA:6,3
DA:7,3
DA:8,3
DA:10,3
DA:11,2
DA:14,1
DA:15,1
DA:16,1
DA:17,0
DA:19,1
DA:22,0
DA:25,3
LF:14
LH:12
BRDA:7,0,0,3
BRDA:7,0,1,1
BRDA:10,1,0,2
BRDA:10,1,1,1
BRDA:14,2,0,1
BRDA:14,2,1,0
BRDA:14,3,0,1
BRDA:14,3,1,1
BRDA:16,4,0,0
BRDA:16,4,1,1
BRF:10
BRH:8
end_of_record
TN:
SF:src\hooks\useLikedMovies.js
FN:6,(anonymous_0)
FN:12,(anonymous_1)
FN:17,(anonymous_2)
FN:30,(anonymous_3)
FN:40,(anonymous_4)
FN:45,(anonymous_5)
FN:50,(anonymous_6)
FN:52,(anonymous_7)
FN:56,(anonymous_8)
FN:72,(anonymous_9)
FN:83,(anonymous_10)
FN:104,(anonymous_11)
FN:109,(anonymous_12)
FN:113,(anonymous_13)
FN:119,(anonymous_14)
FN:138,(anonymous_15)
FN:139,(anonymous_16)
FN:147,(anonymous_17)
FN:152,(anonymous_18)
FN:153,(anonymous_19)
FN:160,(anonymous_20)
FN:170,(anonymous_21)
FN:176,(anonymous_22)
FN:181,(anonymous_23)
FN:188,(anonymous_24)
FN:190,(anonymous_25)
FN:200,(anonymous_26)
FNF:27
FNH:0
FNDA:0,(anonymous_0)
FNDA:0,(anonymous_1)
FNDA:0,(anonymous_2)
FNDA:0,(anonymous_3)
FNDA:0,(anonymous_4)
FNDA:0,(anonymous_5)
FNDA:0,(anonymous_6)
FNDA:0,(anonymous_7)
FNDA:0,(anonymous_8)
FNDA:0,(anonymous_9)
FNDA:0,(anonymous_10)
FNDA:0,(anonymous_11)
FNDA:0,(anonymous_12)
FNDA:0,(anonymous_13)
FNDA:0,(anonymous_14)
FNDA:0,(anonymous_15)
FNDA:0,(anonymous_16)
FNDA:0,(anonymous_17)
FNDA:0,(anonymous_18)
FNDA:0,(anonymous_19)
FNDA:0,(anonymous_20)
FNDA:0,(anonymous_21)
FNDA:0,(anonymous_22)
FNDA:0,(anonymous_23)
FNDA:0,(anonymous_24)
FNDA:0,(anonymous_25)
FNDA:0,(anonymous_26)
DA:4,0
DA:6,0
DA:7,0
DA:8,0
DA:9,0
DA:12,0
DA:13,0
DA:14,0
DA:17,0
DA:18,0
DA:20,0
DA:21,0
DA:22,0
DA:23,0
DA:25,0
DA:26,0
DA:30,0
DA:31,0
DA:33,0
DA:34,0
DA:36,0
DA:40,0
DA:41,0
DA:42,0
DA:45,0
DA:50,0
DA:51,0
DA:52,0
DA:56,0
DA:57,0
DA:58,0
DA:61,0
DA:65,0
DA:72,0
DA:73,0
DA:74,0
DA:76,0
DA:83,0
DA:84,0
DA:86,0
DA:87,0
DA:91,0
DA:92,0
DA:93,0
DA:96,0
DA:97,0
DA:98,0
DA:99,0
DA:104,0
DA:105,0
DA:106,0
DA:107,0
DA:109,0
DA:110,0
DA:113,0
DA:114,0
DA:115,0
DA:117,0
DA:119,0
DA:120,0
DA:121,0
DA:127,0
DA:129,0
DA:130,0
DA:131,0
DA:132,0
DA:134,0
DA:135,0
DA:138,0
DA:139,0
DA:141,0
DA:145,0
DA:147,0
DA:148,0
DA:152,0
DA:153,0
DA:154,0
DA:155,0
DA:160,0
DA:161,0
DA:162,0
DA:165,0
DA:170,0
DA:171,0
DA:175,0
DA:176,0
DA:180,0
DA:182,0
DA:183,0
DA:185,0
DA:186,0
DA:188,0
DA:189,0
DA:190,0
DA:193,0
DA:196,0
DA:197,0
DA:199,0
DA:200,0
DA:201,0
DA:207,0
LF:101
LH:0
BRDA:7,0,0,0
BRDA:7,0,1,0
BRDA:8,1,0,0
BRDA:8,1,1,0
BRDA:9,2,0,0
BRDA:9,2,1,0
BRDA:13,3,0,0
BRDA:13,3,1,0
BRDA:14,4,0,0
BRDA:14,4,1,0
BRDA:18,5,0,0
BRDA:18,5,1,0
BRDA:22,6,0,0
BRDA:22,6,1,0
BRDA:23,7,0,0
BRDA:23,7,1,0
BRDA:31,8,0,0
BRDA:31,8,1,0
BRDA:41,9,0,0
BRDA:41,9,1,0
BRDA:50,10,0,0
BRDA:52,11,0,0
BRDA:52,11,1,0
BRDA:52,11,2,0
BRDA:58,12,0,0
BRDA:58,12,1,0
BRDA:58,13,0,0
BRDA:58,13,1,0
BRDA:61,14,0,0
BRDA:61,14,1,0
BRDA:74,15,0,0
BRDA:74,15,1,0
BRDA:74,16,0,0
BRDA:74,16,1,0
BRDA:84,17,0,0
BRDA:84,17,1,0
BRDA:84,18,0,0
BRDA:84,18,1,0
BRDA:87,19,0,0
BRDA:87,19,1,0
BRDA:91,20,0,0
BRDA:91,20,1,0
BRDA:96,21,0,0
BRDA:96,21,1,0
BRDA:98,22,0,0
BRDA:98,22,1,0
BRDA:115,23,0,0
BRDA:115,23,1,0
BRDA:115,24,0,0
BRDA:115,24,1,0
BRDA:127,25,0,0
BRDA:127,25,1,0
BRDA:134,26,0,0
BRDA:134,26,1,0
BRDA:154,27,0,0
BRDA:154,27,1,0
BRDA:161,28,0,0
BRDA:161,28,1,0
BRDA:167,29,0,0
BRDA:167,29,1,0
BRDA:183,30,0,0
BRDA:183,30,1,0
BRDA:189,31,0,0
BRDA:189,31,1,0
BRDA:199,32,0,0
BRDA:199,32,1,0
BRF:66
BRH:0
end_of_record
TN:
SF:src\pages\Favorites\Favorites.jsx
FN:55,(anonymous_0)
FN:66,(anonymous_1)
FN:68,(anonymous_2)
FN:85,Favorites
FN:94,(anonymous_4)
FN:98,(anonymous_5)
FN:107,(anonymous_6)
FN:127,(anonymous_7)
FN:145,(anonymous_8)
FN:150,(anonymous_9)
FN:153,(anonymous_10)
FN:155,(anonymous_11)
FN:159,(anonymous_12)
FN:159,(anonymous_13)
FN:165,(anonymous_14)
FN:193,(anonymous_15)
FN:210,(anonymous_16)
FN:215,(anonymous_17)
FNF:18
FNH:0
FNDA:0,(anonymous_0)
FNDA:0,(anonymous_1)
FNDA:0,(anonymous_2)
FNDA:0,Favorites
FNDA:0,(anonymous_4)
FNDA:0,(anonymous_5)
FNDA:0,(anonymous_6)
FNDA:0,(anonymous_7)
FNDA:0,(anonymous_8)
FNDA:0,(anonymous_9)
FNDA:0,(anonymous_10)
FNDA:0,(anonymous_11)
FNDA:0,(anonymous_12)
FNDA:0,(anonymous_13)
FNDA:0,(anonymous_14)
FNDA:0,(anonymous_15)
FNDA:0,(anonymous_16)
FNDA:0,(anonymous_17)
DA:10,0
DA:12,0
DA:34,0
DA:55,0
DA:66,0
DA:68,0
DA:69,0
DA:70,0
DA:72,0
DA:86,0
DA:87,0
DA:88,0
DA:89,0
DA:90,0
DA:91,0
DA:92,0
DA:94,0
DA:95,0
DA:98,0
DA:99,0
DA:100,0
DA:101,0
DA:102,0
DA:105,0
DA:107,0
DA:108,0
DA:109,0
DA:111,0
DA:112,0
DA:116,0
DA:120,0
DA:122,0
DA:124,0
DA:126,0
DA:127,0
DA:130,0
DA:132,0
DA:133,0
DA:134,0
DA:137,0
DA:138,0
DA:143,0
DA:145,0
DA:146,0
DA:150,0
DA:151,0
DA:153,0
DA:154,0
DA:155,0
DA:158,0
DA:159,0
DA:160,0
DA:161,0
DA:162,0
DA:165,0
DA:168,0
DA:194,0
DA:211,0
DA:215,0
LF:59
LH:0
BRDA:60,0,0,0
BRDA:60,0,1,0
BRDA:63,1,0,0
BRDA:63,1,1,0
BRDA:66,2,0,0
BRDA:66,2,1,0
BRDA:66,2,2,0
BRDA:66,2,3,0
BRDA:66,2,4,0
BRDA:76,3,0,0
BRDA:76,3,1,0
BRDA:76,3,2,0
BRDA:77,4,0,0
BRDA:77,4,1,0
BRDA:78,5,0,0
BRDA:78,5,1,0
BRDA:78,5,2,0
BRDA:78,5,3,0
BRDA:79,6,0,0
BRDA:79,6,1,0
BRDA:80,7,0,0
BRDA:80,7,1,0
BRDA:81,8,0,0
BRDA:81,8,1,0
BRDA:100,9,0,0
BRDA:100,9,1,0
BRDA:100,10,0,0
BRDA:100,10,1,0
BRDA:116,11,0,0
BRDA:116,11,1,0
BRDA:122,12,0,0
BRDA:122,12,1,0
BRDA:124,13,0,0
BRDA:124,13,1,0
BRDA:126,14,0,0
BRDA:126,14,1,0
BRDA:133,15,0,0
BRDA:133,15,1,0
BRDA:137,16,0,0
BRDA:137,16,1,0
BRDA:161,17,0,0
BRDA:161,17,1,0
BRDA:170,18,0,0
BRDA:170,18,1,0
BRDA:189,19,0,0
BRDA:189,19,1,0
BRDA:191,20,0,0
BRDA:191,20,1,0
BRDA:201,21,0,0
BRDA:201,21,1,0
BRDA:211,22,0,0
BRDA:211,22,1,0
BRDA:222,23,0,0
BRDA:222,23,1,0
BRDA:225,24,0,0
BRDA:225,24,1,0
BRDA:231,25,0,0
BRDA:231,25,1,0
BRDA:232,26,0,0
BRDA:232,26,1,0
BRDA:234,27,0,0
BRDA:234,27,1,0
BRDA:235,28,0,0
BRDA:235,28,1,0
BRF:64
BRH:0
end_of_record
TN:
SF:src\pages\Home\home.jsx
FN:28,Home
FN:33,(anonymous_1)
FN:37,(anonymous_2)
FN:38,(anonymous_3)
FN:48,(anonymous_4)
FN:50,(anonymous_5)
FN:56,(anonymous_6)
FN:65,(anonymous_7)
FN:73,(anonymous_8)
FN:74,(anonymous_9)
FN:136,(anonymous_10)
FNF:11
FNH:0
FNDA:0,Home
FNDA:0,(anonymous_1)
FNDA:0,(anonymous_2)
FNDA:0,(anonymous_3)
FNDA:0,(anonymous_4)
FNDA:0,(anonymous_5)
FNDA:0,(anonymous_6)
FNDA:0,(anonymous_7)
FNDA:0,(anonymous_8)
FNDA:0,(anonymous_9)
FNDA:0,(anonymous_10)
DA:8,0
DA:13,0
DA:29,0
DA:30,0
DA:31,0
DA:33,0
DA:34,0
DA:37,0
DA:38,0
DA:39,0
DA:42,0
DA:44,0
DA:45,0
DA:46,0
DA:48,0
DA:49,0
DA:50,0
DA:51,0
DA:53,0
DA:56,0
DA:57,0
DA:58,0
DA:59,0
DA:63,0
DA:64,0
DA:65,0
DA:66,0
DA:67,0
DA:68,0
DA:73,0
DA:74,0
DA:75,0
DA:76,0
DA:80,0
DA:137,0
LF:35
LH:0
BRDA:39,0,0,0
BRDA:39,0,1,0
BRDA:42,1,0,0
BRDA:42,1,1,0
BRDA:58,2,0,0
BRDA:58,2,1,0
BRDA:67,3,0,0
BRDA:67,3,1,0
BRDA:115,4,0,0
BRDA:115,4,1,0
BRF:10
BRH:0
end_of_record
TN:
SF:src\pages\Login\login.jsx
FN:10,(anonymous_0)
FN:18,(anonymous_1)
FN:22,(anonymous_2)
FN:41,(anonymous_3)
FN:53,(anonymous_4)
FN:60,(anonymous_5)
FN:63,(anonymous_6)
FN:68,(anonymous_7)
FN:73,(anonymous_8)
FN:121,(anonymous_9)
FN:155,(anonymous_10)
FNF:11
FNH:0
FNDA:0,(anonymous_0)
FNDA:0,(anonymous_1)
FNDA:0,(anonymous_2)
FNDA:0,(anonymous_3)
FNDA:0,(anonymous_4)
FNDA:0,(anonymous_5)
FNDA:0,(anonymous_6)
FNDA:0,(anonymous_7)
FNDA:0,(anonymous_8)
FNDA:0,(anonymous_9)
FNDA:0,(anonymous_10)
DA:10,0
DA:11,0
DA:12,0
DA:13,0
DA:14,0
DA:17,0
DA:18,0
DA:19,0
DA:22,0
DA:23,0
DA:25,0
DA:41,0
DA:42,0
DA:43,0
DA:44,0
DA:49,0
DA:50,0
DA:51,0
DA:53,0
DA:54,0
DA:55,0
DA:56,0
DA:60,0
DA:61,0
DA:62,0
DA:63,0
DA:64,0
DA:68,0
DA:69,0
DA:70,0
DA:73,0
DA:74,0
DA:75,0
DA:76,0
DA:77,0
DA:78,0
DA:79,0
DA:82,0
DA:83,0
DA:84,0
DA:86,0
DA:89,0
DA:90,0
DA:98,0
DA:99,0
DA:100,0
DA:101,0
DA:102,0
DA:103,0
DA:105,0
DA:108,0
DA:111,0
DA:112,0
DA:114,0
DA:119,0
DA:121,0
DA:155,0
LF:57
LH:0
BRDA:23,0,0,0
BRDA:23,0,1,0
BRDA:23,1,0,0
BRDA:23,1,1,0
BRDA:42,2,0,0
BRDA:42,2,1,0
BRDA:54,3,0,0
BRDA:54,3,1,0
BRDA:62,4,0,0
BRDA:62,4,1,0
BRDA:76,5,0,0
BRDA:76,5,1,0
BRDA:76,6,0,0
BRDA:76,6,1,0
BRDA:83,7,0,0
BRDA:83,7,1,0
BRDA:99,8,0,0
BRDA:99,8,1,0
BRDA:102,9,0,0
BRDA:102,9,1,0
BRDA:105,10,0,0
BRDA:105,10,1,0
BRDA:107,11,0,0
BRDA:107,11,1,0
BRDA:111,12,0,0
BRDA:111,12,1,0
BRDA:165,13,0,0
BRDA:165,13,1,0
BRDA:166,14,0,0
BRDA:166,14,1,0
BRF:30
BRH:0
end_of_record
TN:
SF:src\pages\NotFound\notFound.jsx
FN:6,(anonymous_0)
FN:11,(anonymous_1)
FN:38,(anonymous_2)
FN:46,(anonymous_3)
FN:51,(anonymous_4)
FNF:5
FNH:0
FNDA:0,(anonymous_0)
FNDA:0,(anonymous_1)
FNDA:0,(anonymous_2)
FNDA:0,(anonymous_3)
FNDA:0,(anonymous_4)
DA:6,0
DA:7,0
DA:8,0
DA:9,0
DA:11,0
DA:12,0
DA:14,0
DA:15,0
DA:32,0
DA:34,0
DA:35,0
DA:38,0
DA:39,0
DA:40,0
DA:41,0
DA:46,0
DA:48,0
DA:51,0
DA:52,0
DA:53,0
DA:55,0
DA:59,0
LF:22
LH:0
BRDA:12,0,0,0
BRDA:12,0,1,0
BRDA:12,1,0,0
BRDA:12,1,1,0
BRDA:39,2,0,0
BRDA:39,2,1,0
BRDA:52,3,0,0
BRDA:52,3,1,0
BRDA:62,4,0,0
BRDA:62,4,1,0
BRF:10
BRH:0
end_of_record
TN:
SF:src\pages\Profile\profile.jsx
FN:13,Profile
FN:35,(anonymous_1)
FN:36,(anonymous_2)
FN:44,(anonymous_3)
FN:131,(anonymous_4)
FN:158,(anonymous_5)
FN:166,(anonymous_6)
FN:167,(anonymous_7)
FN:168,(anonymous_8)
FN:170,(anonymous_9)
FN:179,(anonymous_10)
FN:201,(anonymous_11)
FN:201,(anonymous_12)
FN:217,(anonymous_13)
FN:222,(anonymous_14)
FN:241,(anonymous_15)
FN:262,(anonymous_16)
FN:268,(anonymous_17)
FN:274,(anonymous_18)
FN:336,(anonymous_19)
FN:344,(anonymous_20)
FN:357,(anonymous_21)
FN:377,(anonymous_22)
FNF:23
FNH:0
FNDA:0,Profile
FNDA:0,(anonymous_1)
FNDA:0,(anonymous_2)
FNDA:0,(anonymous_3)
FNDA:0,(anonymous_4)
FNDA:0,(anonymous_5)
FNDA:0,(anonymous_6)
FNDA:0,(anonymous_7)
FNDA:0,(anonymous_8)
FNDA:0,(anonymous_9)
FNDA:0,(anonymous_10)
FNDA:0,(anonymous_11)
FNDA:0,(anonymous_12)
FNDA:0,(anonymous_13)
FNDA:0,(anonymous_14)
FNDA:0,(anonymous_15)
FNDA:0,(anonymous_16)
FNDA:0,(anonymous_17)
FNDA:0,(anonymous_18)
FNDA:0,(anonymous_19)
FNDA:0,(anonymous_20)
FNDA:0,(anonymous_21)
FNDA:0,(anonymous_22)
DA:14,0
DA:15,0
DA:16,0
DA:17,0
DA:18,0
DA:19,0
DA:20,0
DA:21,0
DA:23,0
DA:24,0
DA:25,0
DA:26,0
DA:27,0
DA:28,0
DA:29,0
DA:31,0
DA:35,0
DA:36,0
DA:37,0
DA:38,0
DA:39,0
DA:40,0
DA:41,0
DA:44,0
DA:56,0
DA:58,0
DA:59,0
DA:69,0
DA:71,0
DA:72,0
DA:73,0
DA:74,0
DA:75,0
DA:79,0
DA:81,0
DA:82,0
DA:92,0
DA:94,0
DA:106,0
DA:108,0
DA:109,0
DA:110,0
DA:111,0
DA:114,0
DA:115,0
DA:117,0
DA:120,0
DA:123,0
DA:126,0
DA:129,0
DA:131,0
DA:132,0
DA:140,0
DA:141,0
DA:152,0
DA:153,0
DA:158,0
DA:166,0
DA:167,0
DA:168,0
DA:170,0
DA:171,0
DA:172,0
DA:173,0
DA:174,0
DA:175,0
DA:176,0
DA:179,0
DA:180,0
DA:181,0
DA:182,0
DA:185,0
DA:201,0
DA:218,0
DA:222,0
DA:241,0
DA:262,0
DA:268,0
DA:274,0
DA:338,0
DA:344,0
DA:357,0
DA:378,0
LF:83
LH:0
BRDA:38,0,0,0
BRDA:38,0,1,0
BRDA:38,1,0,0
BRDA:38,1,1,0
BRDA:38,1,2,0
BRDA:44,2,0,0
BRDA:45,3,0,0
BRDA:45,3,1,0
BRDA:45,3,2,0
BRDA:46,4,0,0
BRDA:46,4,1,0
BRDA:46,4,2,0
BRDA:47,5,0,0
BRDA:47,5,1,0
BRDA:48,6,0,0
BRDA:48,6,1,0
BRDA:69,7,0,0
BRDA:69,7,1,0
BRDA:72,8,0,0
BRDA:72,8,1,0
BRDA:95,9,0,0
BRDA:95,9,1,0
BRDA:95,9,2,0
BRDA:96,10,0,0
BRDA:96,10,1,0
BRDA:96,10,2,0
BRDA:97,11,0,0
BRDA:97,11,1,0
BRDA:97,11,2,0
BRDA:98,12,0,0
BRDA:98,12,1,0
BRDA:100,13,0,0
BRDA:100,13,1,0
BRDA:102,14,0,0
BRDA:102,14,1,0
BRDA:103,15,0,0
BRDA:103,15,1,0
BRDA:108,16,0,0
BRDA:108,16,1,0
BRDA:114,17,0,0
BRDA:114,17,1,0
BRDA:140,18,0,0
BRDA:140,18,1,0
BRDA:152,19,0,0
BRDA:152,19,1,0
BRDA:170,20,0,0
BRDA:171,21,0,0
BRDA:171,21,1,0
BRDA:172,22,0,0
BRDA:172,22,1,0
BRDA:173,23,0,0
BRDA:173,23,1,0
BRDA:174,24,0,0
BRDA:174,24,1,0
BRDA:175,25,0,0
BRDA:175,25,1,0
BRDA:176,26,0,0
BRDA:176,26,1,0
BRDA:205,27,0,0
BRDA:205,27,1,0
BRDA:215,28,0,0
BRDA:215,28,1,0
BRDA:221,29,0,0
BRDA:221,29,1,0
BRDA:241,30,0,0
BRDA:241,30,1,0
BRDA:261,31,0,0
BRDA:261,31,1,0
BRDA:267,32,0,0
BRDA:267,32,1,0
BRDA:273,33,0,0
BRDA:273,33,1,0
BRDA:282,34,0,0
BRDA:282,34,1,0
BRDA:325,35,0,0
BRDA:325,35,1,0
BRDA:328,36,0,0
BRDA:328,36,1,0
BRDA:367,37,0,0
BRDA:367,37,1,0
BRDA:370,38,0,0
BRDA:370,38,1,0
BRF:82
BRH:0
end_of_record
TN:
SF:src\pages\Registration\registration.jsx
FN:12,(anonymous_0)
FN:17,(anonymous_1)
FN:36,(anonymous_2)
FN:50,(anonymous_3)
FN:53,(anonymous_4)
FN:58,(anonymous_5)
FN:63,(anonymous_6)
FN:112,(anonymous_7)
FN:160,(anonymous_8)
FNF:9
FNH:0
FNDA:0,(anonymous_0)
FNDA:0,(anonymous_1)
FNDA:0,(anonymous_2)
FNDA:0,(anonymous_3)
FNDA:0,(anonymous_4)
FNDA:0,(anonymous_5)
FNDA:0,(anonymous_6)
FNDA:0,(anonymous_7)
FNDA:0,(anonymous_8)
DA:12,0
DA:14,0
DA:15,0
DA:17,0
DA:18,0
DA:20,0
DA:36,0
DA:37,0
DA:38,0
DA:39,0
DA:44,0
DA:45,0
DA:46,0
DA:47,0
DA:48,0
DA:50,0
DA:51,0
DA:52,0
DA:53,0
DA:54,0
DA:58,0
DA:59,0
DA:60,0
DA:63,0
DA:64,0
DA:65,0
DA:66,0
DA:67,0
DA:68,0
DA:69,0
DA:72,0
DA:73,0
DA:74,0
DA:76,0
DA:78,0
DA:79,0
DA:88,0
DA:89,0
DA:90,0
DA:91,0
DA:92,0
DA:93,0
DA:95,0
DA:96,0
DA:103,0
DA:104,0
DA:106,0
DA:110,0
DA:112,0
DA:160,0
LF:50
LH:0
BRDA:18,0,0,0
BRDA:18,0,1,0
BRDA:18,1,0,0
BRDA:18,1,1,0
BRDA:37,2,0,0
BRDA:37,2,1,0
BRDA:52,3,0,0
BRDA:52,3,1,0
BRDA:66,4,0,0
BRDA:66,4,1,0
BRDA:66,5,0,0
BRDA:66,5,1,0
BRDA:66,5,2,0
BRDA:73,6,0,0
BRDA:73,6,1,0
BRDA:89,7,0,0
BRDA:89,7,1,0
BRDA:92,8,0,0
BRDA:92,8,1,0
BRDA:95,9,0,0
BRDA:95,9,1,0
BRDA:98,10,0,0
BRDA:98,10,1,0
BRDA:103,11,0,0
BRDA:103,11,1,0
BRDA:170,12,0,0
BRDA:170,12,1,0
BRDA:171,13,0,0
BRDA:171,13,1,0
BRF:29
BRH:0
end_of_record
TN:
SF:src\pages\Reservation_info\generate_QR.jsx
FN:4,(anonymous_0)
FNF:1
FNH:1
FNDA:2,(anonymous_0)
DA:4,1
DA:10,2
DA:13,1
DA:23,1
LF:4
LH:4
BRDA:8,0,0,2
BRDA:10,1,0,1
BRDA:10,1,1,1
BRDA:10,2,0,2
BRDA:10,2,1,1
BRF:5
BRH:5
end_of_record
TN:
SF:src\pages\Reservation_info\myReservations.jsx
FN:89,MyReservations
FN:99,(anonymous_1)
FN:100,(anonymous_2)
FN:145,(anonymous_3)
FN:150,(anonymous_4)
FN:155,(anonymous_5)
FN:164,(anonymous_6)
FN:167,(anonymous_7)
FN:168,(anonymous_8)
FN:192,(anonymous_9)
FN:193,(anonymous_10)
FN:194,(anonymous_11)
FN:221,(anonymous_12)
FN:229,(anonymous_13)
FN:230,(anonymous_14)
FN:231,(anonymous_15)
FN:272,(anonymous_16)
FN:278,(anonymous_17)
FN:284,(anonymous_18)
FN:290,(anonymous_19)
FN:310,(anonymous_20)
FN:318,(anonymous_21)
FN:328,(anonymous_22)
FN:369,(anonymous_23)
FN:374,(anonymous_24)
FN:390,(anonymous_25)
FNF:26
FNH:10
FNDA:8,MyReservations
FNDA:3,(anonymous_1)
FNDA:3,(anonymous_2)
FNDA:3,(anonymous_3)
FNDA:1,(anonymous_4)
FNDA:1,(anonymous_5)
FNDA:0,(anonymous_6)
FNDA:0,(anonymous_7)
FNDA:0,(anonymous_8)
FNDA:0,(anonymous_9)
FNDA:0,(anonymous_10)
FNDA:0,(anonymous_11)
FNDA:0,(anonymous_12)
FNDA:1,(anonymous_13)
FNDA:1,(anonymous_14)
FNDA:1,(anonymous_15)
FNDA:0,(anonymous_16)
FNDA:0,(anonymous_17)
FNDA:0,(anonymous_18)
FNDA:0,(anonymous_19)
FNDA:0,(anonymous_20)
FNDA:1,(anonymous_21)
FNDA:0,(anonymous_22)
FNDA:0,(anonymous_23)
FNDA:0,(anonymous_24)
FNDA:0,(anonymous_25)
DA:10,1
DA:90,8
DA:91,8
DA:92,8
DA:93,8
DA:95,8
DA:96,8
DA:97,8
DA:99,8
DA:100,3
DA:101,3
DA:102,3
DA:103,1
DA:104,1
DA:105,1
DA:108,2
DA:109,2
DA:110,0
DA:111,0
DA:112,0
DA:115,2
DA:116,2
DA:117,2
DA:128,1
DA:129,1
DA:130,1
DA:133,1
DA:134,1
DA:135,1
DA:138,2
DA:142,3
DA:144,8
DA:145,8
DA:146,3
DA:150,8
DA:151,1
DA:152,0
DA:155,8
DA:156,1
DA:161,1
DA:164,8
DA:165,0
DA:167,0
DA:168,0
DA:169,0
DA:175,0
DA:177,0
DA:184,0
DA:185,0
DA:192,8
DA:193,0
DA:194,0
DA:195,0
DA:203,8
DA:204,5
DA:215,3
DA:216,1
DA:221,0
DA:229,2
DA:230,2
DA:231,2
DA:233,2
DA:272,0
DA:278,0
DA:284,0
DA:290,0
DA:310,0
DA:319,1
DA:321,1
DA:328,0
DA:369,0
DA:374,0
DA:390,0
LF:73
LH:48
BRDA:102,0,0,1
BRDA:102,0,1,2
BRDA:102,1,0,3
BRDA:102,1,1,2
BRDA:109,2,0,0
BRDA:109,2,1,2
BRDA:128,3,0,1
BRDA:128,3,1,0
BRDA:134,4,0,1
BRDA:134,4,1,0
BRDA:151,5,0,1
BRDA:151,5,1,0
BRDA:161,6,0,1
BRDA:161,6,1,0
BRDA:165,7,0,0
BRDA:165,7,1,0
BRDA:169,8,0,0
BRDA:169,8,1,0
BRDA:195,9,0,0
BRDA:195,9,1,0
BRDA:203,10,0,5
BRDA:203,10,1,3
BRDA:215,11,0,1
BRDA:215,11,1,2
BRDA:271,12,0,2
BRDA:271,12,1,0
BRDA:277,13,0,0
BRDA:277,13,1,2
BRDA:283,14,0,0
BRDA:283,14,1,2
BRDA:289,15,0,0
BRDA:289,15,1,2
BRDA:298,16,0,1
BRDA:298,16,1,1
BRDA:303,17,0,1
BRDA:303,17,1,0
BRDA:367,18,0,1
BRDA:367,18,1,1
BRDA:381,19,0,1
BRDA:381,19,1,0
BRDA:387,20,0,0
BRDA:387,20,1,0
BRDA:405,21,0,1
BRDA:405,21,1,0
BRF:44
BRH:24
end_of_record
TN:
SF:src\pages\Theaters\theaters.jsx
FN:3,Theaters
FNF:1
FNH:0
FNDA:0,Theaters
DA:4,0
LF:1
LH:0
BRF:0
BRH:0
end_of_record
TN:
SF:src\pages\movie_information\movie.jsx
FN:34,(anonymous_0)
FN:41,(anonymous_1)
FN:43,(anonymous_2)
FN:61,(anonymous_3)
FN:65,(anonymous_4)
FN:66,(anonymous_5)
FN:90,(anonymous_6)
FN:120,(anonymous_7)
FN:120,(anonymous_8)
FN:142,(anonymous_9)
FN:146,(anonymous_10)
FN:150,(anonymous_11)
FN:152,(anonymous_12)
FN:157,(anonymous_13)
FN:176,(anonymous_14)
FN:178,(anonymous_15)
FN:198,(anonymous_16)
FN:200,(anonymous_17)
FN:205,(anonymous_18)
FN:234,(anonymous_19)
FN:247,(anonymous_20)
FN:256,(anonymous_21)
FN:296,(anonymous_22)
FN:325,(anonymous_23)
FN:364,(anonymous_24)
FN:376,(anonymous_25)
FN:380,(anonymous_26)
FN:398,(anonymous_27)
FN:404,(anonymous_28)
FN:424,(anonymous_29)
FN:430,(anonymous_30)
FN:450,(anonymous_31)
FN:454,(anonymous_32)
FN:478,(anonymous_33)
FN:482,(anonymous_34)
FN:491,(anonymous_35)
FN:524,(anonymous_36)
FN:525,(anonymous_37)
FN:541,(anonymous_38)
FNF:39
FNH:0
FNDA:0,(anonymous_0)
FNDA:0,(anonymous_1)
FNDA:0,(anonymous_2)
FNDA:0,(anonymous_3)
FNDA:0,(anonymous_4)
FNDA:0,(anonymous_5)
FNDA:0,(anonymous_6)
FNDA:0,(anonymous_7)
FNDA:0,(anonymous_8)
FNDA:0,(anonymous_9)
FNDA:0,(anonymous_10)
FNDA:0,(anonymous_11)
FNDA:0,(anonymous_12)
FNDA:0,(anonymous_13)
FNDA:0,(anonymous_14)
FNDA:0,(anonymous_15)
FNDA:0,(anonymous_16)
FNDA:0,(anonymous_17)
FNDA:0,(anonymous_18)
FNDA:0,(anonymous_19)
FNDA:0,(anonymous_20)
FNDA:0,(anonymous_21)
FNDA:0,(anonymous_22)
FNDA:0,(anonymous_23)
FNDA:0,(anonymous_24)
FNDA:0,(anonymous_25)
FNDA:0,(anonymous_26)
FNDA:0,(anonymous_27)
FNDA:0,(anonymous_28)
FNDA:0,(anonymous_29)
FNDA:0,(anonymous_30)
FNDA:0,(anonymous_31)
FNDA:0,(anonymous_32)
FNDA:0,(anonymous_33)
FNDA:0,(anonymous_34)
FNDA:0,(anonymous_35)
FNDA:0,(anonymous_36)
FNDA:0,(anonymous_37)
FNDA:0,(anonymous_38)
DA:22,0
DA:24,0
DA:30,0
DA:31,0
DA:32,0
DA:34,0
DA:35,0
DA:36,0
DA:37,0
DA:38,0
DA:41,0
DA:43,0
DA:44,0
DA:45,0
DA:46,0
DA:47,0
DA:48,0
DA:49,0
DA:50,0
DA:51,0
DA:52,0
DA:53,0
DA:54,0
DA:55,0
DA:56,0
DA:57,0
DA:58,0
DA:59,0
DA:61,0
DA:62,0
DA:65,0
DA:66,0
DA:67,0
DA:68,0
DA:69,0
DA:78,0
DA:80,0
DA:81,0
DA:83,0
DA:87,0
DA:90,0
DA:91,0
DA:92,0
DA:95,0
DA:96,0
DA:105,0
DA:106,0
DA:109,0
DA:110,0
DA:115,0
DA:116,0
DA:117,0
DA:118,0
DA:119,0
DA:120,0
DA:122,0
DA:123,0
DA:125,0
DA:126,0
DA:127,0
DA:128,0
DA:130,0
DA:131,0
DA:132,0
DA:133,0
DA:134,0
DA:136,0
DA:137,0
DA:138,0
DA:142,0
DA:143,0
DA:146,0
DA:147,0
DA:148,0
DA:150,0
DA:151,0
DA:152,0
DA:157,0
DA:158,0
DA:159,0
DA:160,0
DA:161,0
DA:162,0
DA:163,0
DA:164,0
DA:167,0
DA:168,0
DA:176,0
DA:178,0
DA:186,0
DA:197,0
DA:198,0
DA:199,0
DA:200,0
DA:201,0
DA:203,0
DA:205,0
DA:209,0
DA:210,0
DA:213,0
DA:214,0
DA:215,0
DA:216,0
DA:217,0
DA:218,0
DA:219,0
DA:224,0
DA:226,0
DA:228,0
DA:230,0
DA:234,0
DA:235,0
DA:236,0
DA:237,0
DA:239,0
DA:240,0
DA:247,0
DA:248,0
DA:256,0
DA:257,0
DA:258,0
DA:259,0
DA:260,0
DA:261,0
DA:263,0
DA:266,0
DA:280,0
DA:282,0
DA:283,0
DA:291,0
DA:292,0
DA:296,0
DA:301,0
DA:325,0
DA:365,0
DA:376,0
DA:380,0
DA:399,0
DA:404,0
DA:425,0
DA:430,0
DA:451,0
DA:454,0
DA:479,0
DA:483,0
DA:484,0
DA:485,0
DA:487,0
DA:491,0
DA:524,0
DA:525,0
DA:541,0
LF:152
LH:0
BRDA:91,0,0,0
BRDA:91,0,1,0
BRDA:91,1,0,0
BRDA:91,1,1,0
BRDA:105,2,0,0
BRDA:105,2,1,0
BRDA:115,3,0,0
BRDA:115,3,1,0
BRDA:123,4,0,0
BRDA:123,4,1,0
BRDA:130,5,0,0
BRDA:130,5,1,0
BRDA:147,6,0,0
BRDA:147,6,1,0
BRDA:151,7,0,0
BRDA:151,7,1,0
BRDA:160,8,0,0
BRDA:160,8,1,0
BRDA:172,9,0,0
BRDA:172,9,1,0
BRDA:178,10,0,0
BRDA:178,10,1,0
BRDA:197,11,0,0
BRDA:197,11,1,0
BRDA:214,12,0,0
BRDA:214,12,1,0
BRDA:217,13,0,0
BRDA:217,13,1,0
BRDA:218,14,0,0
BRDA:218,14,1,0
BRDA:220,15,0,0
BRDA:220,15,1,0
BRDA:226,16,0,0
BRDA:226,16,1,0
BRDA:235,17,0,0
BRDA:235,17,1,0
BRDA:266,18,0,0
BRDA:266,18,1,0
BRDA:272,19,0,0
BRDA:272,19,1,0
BRDA:280,20,0,0
BRDA:280,20,1,0
BRDA:282,21,0,0
BRDA:282,21,1,0
BRDA:291,22,0,0
BRDA:291,22,1,0
BRDA:303,23,0,0
BRDA:303,23,1,0
BRDA:313,24,0,0
BRDA:313,24,1,0
BRDA:324,25,0,0
BRDA:324,25,1,0
BRDA:326,26,0,0
BRDA:326,26,1,0
BRDA:327,27,0,0
BRDA:327,27,1,0
BRDA:329,28,0,0
BRDA:329,28,1,0
BRDA:333,29,0,0
BRDA:333,29,1,0
BRDA:376,30,0,0
BRDA:376,30,1,0
BRDA:380,31,0,0
BRDA:380,31,1,0
BRDA:402,32,0,0
BRDA:402,32,1,0
BRDA:410,33,0,0
BRDA:410,33,1,0
BRDA:428,34,0,0
BRDA:428,34,1,0
BRDA:453,35,0,0
BRDA:453,35,1,0
BRDA:468,36,0,0
BRDA:468,36,1,0
BRDA:471,37,0,0
BRDA:471,37,1,0
BRDA:473,38,0,0
BRDA:473,38,1,0
BRDA:490,39,0,0
BRDA:490,39,1,0
BRDA:490,40,0,0
BRDA:490,40,1,0
BRDA:493,41,0,0
BRDA:493,41,1,0
BRDA:517,42,0,0
BRDA:517,42,1,0
BRDA:549,43,0,0
BRDA:549,43,1,0
BRDA:559,44,0,0
BRDA:559,44,1,0
BRDA:562,45,0,0
BRDA:562,45,1,0
BRDA:563,46,0,0
BRDA:563,46,1,0
BRDA:563,47,0,0
BRDA:563,47,1,0
BRDA:564,48,0,0
BRDA:564,48,1,0
BRDA:566,49,0,0
BRDA:566,49,1,0
BRDA:567,50,0,0
BRDA:567,50,1,0
BRF:102
BRH:0
end_of_record
TN:
SF:src\pages\movie_information\movie_alert.jsx
FN:7,CustomAlert
FN:20,(anonymous_1)
FN:26,(anonymous_2)
FN:27,(anonymous_3)
FN:33,(anonymous_4)
FNF:5
FNH:5
FNDA:4,CustomAlert
FNDA:4,(anonymous_1)
FNDA:4,(anonymous_2)
FNDA:1,(anonymous_3)
FNDA:4,(anonymous_4)
DA:16,4
DA:18,4
DA:20,4
DA:21,4
DA:22,3
DA:26,4
DA:27,4
DA:28,1
DA:29,1
DA:32,4
DA:33,4
DA:36,4
DA:38,3
LF:13
LH:13
BRDA:18,0,0,1
BRDA:18,0,1,3
BRDA:21,1,0,3
BRDA:21,1,1,1
BRDA:21,2,0,4
BRDA:21,2,1,3
BRDA:28,3,0,1
BRDA:28,3,1,0
BRDA:28,4,0,1
BRDA:28,4,1,1
BRDA:36,5,0,1
BRDA:36,5,1,3
BRDA:57,6,0,3
BRDA:57,6,1,1
BRDA:58,7,0,3
BRDA:58,7,1,1
BRDA:59,8,0,3
BRDA:59,8,1,1
BRF:18
BRH:17
end_of_record
TN:
SF:src\pages\movie_list\MovieListMobile.jsx
FN:21,(anonymous_0)
FN:35,(anonymous_1)
FN:43,(anonymous_2)
FN:53,(anonymous_3)
FN:61,(anonymous_4)
FN:67,(anonymous_5)
FN:69,(anonymous_6)
FN:70,(anonymous_7)
FN:72,(anonymous_8)
FN:103,(anonymous_9)
FN:128,(anonymous_10)
FN:138,(anonymous_11)
FN:143,(anonymous_12)
FNF:13
FNH:0
FNDA:0,(anonymous_0)
FNDA:0,(anonymous_1)
FNDA:0,(anonymous_2)
FNDA:0,(anonymous_3)
FNDA:0,(anonymous_4)
FNDA:0,(anonymous_5)
FNDA:0,(anonymous_6)
FNDA:0,(anonymous_7)
FNDA:0,(anonymous_8)
FNDA:0,(anonymous_9)
FNDA:0,(anonymous_10)
FNDA:0,(anonymous_11)
FNDA:0,(anonymous_12)
DA:7,0
DA:21,0
DA:26,0
DA:35,0
DA:36,0
DA:37,0
DA:38,0
DA:40,0
DA:43,0
DA:44,0
DA:45,0
DA:46,0
DA:53,0
DA:54,0
DA:55,0
DA:56,0
DA:58,0
DA:61,0
DA:62,0
DA:63,0
DA:64,0
DA:65,0
DA:67,0
DA:68,0
DA:69,0
DA:70,0
DA:72,0
DA:73,0
DA:74,0
DA:75,0
DA:76,0
DA:78,0
DA:79,0
DA:80,0
DA:84,0
DA:103,0
DA:129,0
DA:139,0
DA:143,0
LF:39
LH:0
BRDA:23,0,0,0
BRDA:23,0,1,0
BRDA:37,1,0,0
BRDA:37,1,1,0
BRDA:45,2,0,0
BRDA:45,2,1,0
BRDA:55,3,0,0
BRDA:55,3,1,0
BRDA:70,4,0,0
BRDA:70,4,1,0
BRDA:73,5,0,0
BRDA:73,5,1,0
BRDA:73,6,0,0
BRDA:73,6,1,0
BRDA:73,7,0,0
BRDA:73,7,1,0
BRDA:74,8,0,0
BRDA:74,8,1,0
BRDA:74,9,0,0
BRDA:74,9,1,0
BRDA:74,10,0,0
BRDA:74,10,1,0
BRDA:75,11,0,0
BRDA:75,11,1,0
BRDA:75,12,0,0
BRDA:75,12,1,0
BRDA:75,13,0,0
BRDA:75,13,1,0
BRDA:76,14,0,0
BRDA:76,14,1,0
BRDA:76,15,0,0
BRDA:76,15,1,0
BRDA:76,16,0,0
BRDA:76,16,1,0
BRDA:78,17,0,0
BRDA:78,17,1,0
BRDA:79,18,0,0
BRDA:79,18,1,0
BRDA:80,19,0,0
BRDA:80,19,1,0
BRDA:91,20,0,0
BRDA:91,20,1,0
BRDA:127,21,0,0
BRDA:127,21,1,0
BRDA:127,22,0,0
BRDA:127,22,1,0
BRDA:135,23,0,0
BRDA:135,23,1,0
BRDA:139,24,0,0
BRDA:139,24,1,0
BRDA:142,25,0,0
BRDA:142,25,1,0
BRDA:144,26,0,0
BRDA:144,26,1,0
BRDA:145,27,0,0
BRDA:145,27,1,0
BRDA:147,28,0,0
BRDA:147,28,1,0
BRDA:151,29,0,0
BRDA:151,29,1,0
BRDA:152,30,0,0
BRDA:152,30,1,0
BRDA:156,31,0,0
BRDA:156,31,1,0
BRDA:158,32,0,0
BRDA:158,32,1,0
BRDA:170,33,0,0
BRDA:170,33,1,0
BRDA:178,34,0,0
BRDA:178,34,1,0
BRF:70
BRH:0
end_of_record
TN:
SF:src\pages\movie_list\movies_list.jsx
FN:14,(anonymous_0)
FN:18,(anonymous_1)
FN:69,(anonymous_2)
FN:79,(anonymous_3)
FN:82,(anonymous_4)
FN:84,(anonymous_5)
FN:102,(anonymous_6)
FN:106,(anonymous_7)
FN:107,(anonymous_8)
FN:110,(anonymous_9)
FN:113,(anonymous_10)
FN:115,(anonymous_11)
FN:120,(anonymous_12)
FN:124,(anonymous_13)
FN:126,(anonymous_14)
FN:127,(anonymous_15)
FN:128,(anonymous_16)
FN:155,(anonymous_17)
FN:168,(anonymous_18)
FN:187,(anonymous_19)
FN:195,(anonymous_20)
FNF:21
FNH:0
FNDA:0,(anonymous_0)
FNDA:0,(anonymous_1)
FNDA:0,(anonymous_2)
FNDA:0,(anonymous_3)
FNDA:0,(anonymous_4)
FNDA:0,(anonymous_5)
FNDA:0,(anonymous_6)
FNDA:0,(anonymous_7)
FNDA:0,(anonymous_8)
FNDA:0,(anonymous_9)
FNDA:0,(anonymous_10)
FNDA:0,(anonymous_11)
FNDA:0,(anonymous_12)
FNDA:0,(anonymous_13)
FNDA:0,(anonymous_14)
FNDA:0,(anonymous_15)
FNDA:0,(anonymous_16)
FNDA:0,(anonymous_17)
FNDA:0,(anonymous_18)
FNDA:0,(anonymous_19)
FNDA:0,(anonymous_20)
DA:11,0
DA:14,0
DA:15,0
DA:18,0
DA:22,0
DA:44,0
DA:69,0
DA:79,0
DA:82,0
DA:83,0
DA:84,0
DA:85,0
DA:88,0
DA:98,0
DA:99,0
DA:100,0
DA:101,0
DA:102,0
DA:103,0
DA:106,0
DA:107,0
DA:108,0
DA:109,0
DA:110,0
DA:113,0
DA:114,0
DA:115,0
DA:117,0
DA:120,0
DA:121,0
DA:122,0
DA:123,0
DA:124,0
DA:125,0
DA:126,0
DA:127,0
DA:128,0
DA:129,0
DA:131,0
DA:132,0
DA:134,0
DA:135,0
DA:138,0
DA:139,0
DA:140,0
DA:141,0
DA:144,0
DA:155,0
DA:156,0
DA:158,0
DA:159,0
DA:161,0
DA:165,0
DA:166,0
DA:168,0
DA:169,0
DA:170,0
DA:172,0
DA:187,0
DA:188,0
DA:189,0
DA:193,0
DA:195,0
DA:196,0
DA:197,0
DA:198,0
DA:199,0
DA:205,0
DA:206,0
DA:220,0
LF:70
LH:0
BRDA:71,0,0,0
BRDA:71,0,1,0
BRDA:73,1,0,0
BRDA:73,1,1,0
BRDA:74,2,0,0
BRDA:74,2,1,0
BRDA:75,3,0,0
BRDA:75,3,1,0
BRDA:76,4,0,0
BRDA:76,4,1,0
BRDA:76,4,2,0
BRDA:79,5,0,0
BRDA:79,5,1,0
BRDA:103,6,0,0
BRDA:103,6,1,0
BRDA:114,7,0,0
BRDA:114,7,1,0
BRDA:121,8,0,0
BRDA:121,8,1,0
BRDA:121,9,0,0
BRDA:121,9,1,0
BRDA:125,10,0,0
BRDA:125,10,1,0
BRDA:139,11,0,0
BRDA:139,11,1,0
BRDA:155,12,0,0
BRDA:155,12,1,0
BRDA:169,13,0,0
BRDA:169,13,1,0
BRDA:170,14,0,0
BRDA:170,14,1,0
BRDA:170,15,0,0
BRDA:170,15,1,0
BRDA:188,16,0,0
BRDA:188,16,1,0
BRDA:197,17,0,0
BRDA:197,17,1,0
BRDA:205,18,0,0
BRDA:205,18,1,0
BRDA:227,19,0,0
BRDA:227,19,1,0
BRDA:242,20,0,0
BRDA:242,20,1,0
BRDA:245,21,0,0
BRDA:245,21,1,0
BRF:45
BRH:0
end_of_record
TN:
SF:src\pages\pricing\pricing.jsx
FN:5,MovieTheaterPricing
FN:8,(anonymous_1)
FN:81,(anonymous_2)
FN:89,(anonymous_3)
FN:93,(anonymous_4)
FN:99,(anonymous_5)
FN:100,(anonymous_6)
FN:169,(anonymous_7)
FNF:8
FNH:0
FNDA:0,MovieTheaterPricing
FNDA:0,(anonymous_1)
FNDA:0,(anonymous_2)
FNDA:0,(anonymous_3)
FNDA:0,(anonymous_4)
FNDA:0,(anonymous_5)
FNDA:0,(anonymous_6)
FNDA:0,(anonymous_7)
DA:6,0
DA:7,0
DA:8,0
DA:9,0
DA:11,0
DA:19,0
DA:28,0
DA:36,0
DA:45,0
DA:81,0
DA:82,0
DA:83,0
DA:84,0
DA:85,0
DA:86,0
DA:89,0
DA:90,0
DA:94,0
DA:99,0
DA:100,0
DA:118,0
DA:170,0
LF:22
LH:0
BRDA:82,0,0,0
BRDA:82,0,1,0
BRDA:83,1,0,0
BRDA:83,1,1,0
BRDA:84,2,0,0
BRDA:84,2,1,0
BRDA:85,3,0,0
BRDA:85,3,1,0
BRDA:97,4,0,0
BRDA:97,4,1,0
BRDA:102,5,0,0
BRDA:102,5,1,0
BRDA:108,6,0,0
BRDA:108,6,1,0
BRDA:173,7,0,0
BRDA:173,7,1,0
BRDA:176,8,0,0
BRDA:176,8,1,0
BRF:18
BRH:0
end_of_record
TN:
SF:src\pages\terms_and_privacy\terms.jsx
FN:6,(anonymous_0)
FN:8,(anonymous_1)
FNF:2
FNH:0
FNDA:0,(anonymous_0)
FNDA:0,(anonymous_1)
DA:6,0
DA:7,0
DA:8,0
DA:9,0
DA:11,0
LF:5
LH:0
BRF:0
BRH:0
end_of_record
TN:
SF:src\utils\jwtDecoder.js
FN:2,(anonymous_0)
FN:22,(anonymous_1)
FN:56,(anonymous_2)
FN:65,(anonymous_3)
FN:84,(anonymous_4)
FNF:5
FNH:5
FNDA:9,(anonymous_0)
FNDA:4,(anonymous_1)
FNDA:2,(anonymous_2)
FNDA:2,(anonymous_3)
FNDA:1,(anonymous_4)
DA:2,2
DA:3,9
DA:4,9
DA:6,7
DA:7,7
DA:9,6
DA:11,6
DA:13,6
DA:15,6
DA:17,0
DA:18,0
DA:22,2
DA:23,4
DA:24,4
DA:25,4
DA:27,3
DA:28,3
DA:31,3
DA:32,1
DA:33,1
DA:34,1
DA:36,2
DA:37,2
DA:47,0
DA:48,0
DA:56,2
DA:57,2
DA:58,2
DA:65,2
DA:66,2
DA:67,2
DA:68,2
DA:70,2
DA:71,2
DA:73,2
DA:75,0
DA:76,0
DA:84,2
DA:85,1
DA:86,1
DA:87,1
DA:89,1
DA:90,1
DA:92,0
DA:93,0
LF:45
LH:37
BRDA:4,0,0,2
BRDA:4,0,1,7
BRDA:7,1,0,1
BRDA:7,1,1,6
BRDA:25,2,0,1
BRDA:25,2,1,3
BRDA:28,3,0,0
BRDA:28,3,1,3
BRDA:31,4,0,1
BRDA:31,4,1,2
BRDA:31,5,0,3
BRDA:31,5,1,3
BRDA:38,6,0,2
BRDA:38,6,1,2
BRDA:38,6,2,0
BRDA:39,7,0,2
BRDA:39,7,1,2
BRDA:39,7,2,0
BRDA:41,8,0,2
BRDA:41,8,1,2
BRDA:43,9,0,2
BRDA:43,9,1,2
BRDA:68,10,0,0
BRDA:68,10,1,2
BRDA:71,11,0,0
BRDA:71,11,1,2
BRDA:71,12,0,2
BRDA:71,12,1,2
BRDA:87,13,0,0
BRDA:87,13,1,1
BRF:30
BRH:24
end_of_record
TN:
SF:src\utils\userIcon.js
FN:13,(anonymous_0)
FN:18,(anonymous_1)
FNF:2
FNH:0
FNDA:0,(anonymous_0)
FNDA:0,(anonymous_1)
DA:1,0
DA:2,0
DA:4,0
DA:13,0
DA:14,0
DA:15,0
DA:18,0
DA:19,0
DA:20,0
DA:21,0
LF:10
LH:0
BRDA:14,0,0,0
BRDA:14,0,1,0
BRDA:15,1,0,0
BRDA:15,1,1,0
BRDA:19,2,0,0
BRDA:19,2,1,0
BRF:6
BRH:0
end_of_record
